Started GET "/" for ::1 at 2022-03-19 13:37:18 +0800
Processing by Rails::WelcomeController#index as HTML
  Rendering /Users/samli/.rbenv/versions/2.5.7/lib/ruby/gems/2.5.0/gems/railties-5.2.7/lib/rails/templates/rails/welcome/index.html.erb
  Rendered /Users/samli/.rbenv/versions/2.5.7/lib/ruby/gems/2.5.0/gems/railties-5.2.7/lib/rails/templates/rails/welcome/index.html.erb (2.7ms)
Completed 200 OK in 13ms (Views: 8.5ms | ActiveRecord: 0.0ms)


Started GET "/" for ::1 at 2022-03-19 13:44:39 +0800
Processing by Rails::WelcomeController#index as HTML
  Rendering /Users/samli/.rbenv/versions/2.5.7/lib/ruby/gems/2.5.0/gems/railties-5.2.7/lib/rails/templates/rails/welcome/index.html.erb
  Rendered /Users/samli/.rbenv/versions/2.5.7/lib/ruby/gems/2.5.0/gems/railties-5.2.7/lib/rails/templates/rails/welcome/index.html.erb (3.5ms)
Completed 200 OK in 15ms (Views: 9.7ms | ActiveRecord: 0.0ms)


Started GET "/vending_machine" for ::1 at 2022-03-19 13:48:01 +0800
  
ActionController::RoutingError (No route matches [GET] "/vending_machine"):
  
actionpack (5.2.7) lib/action_dispatch/middleware/debug_exceptions.rb:65:in `call'
web-console (3.7.0) lib/web_console/middleware.rb:135:in `call_app'
web-console (3.7.0) lib/web_console/middleware.rb:30:in `block in call'
web-console (3.7.0) lib/web_console/middleware.rb:20:in `catch'
web-console (3.7.0) lib/web_console/middleware.rb:20:in `call'
actionpack (5.2.7) lib/action_dispatch/middleware/show_exceptions.rb:33:in `call'
railties (5.2.7) lib/rails/rack/logger.rb:38:in `call_app'
railties (5.2.7) lib/rails/rack/logger.rb:26:in `block in call'
activesupport (5.2.7) lib/active_support/tagged_logging.rb:71:in `block in tagged'
activesupport (5.2.7) lib/active_support/tagged_logging.rb:28:in `tagged'
activesupport (5.2.7) lib/active_support/tagged_logging.rb:71:in `tagged'
railties (5.2.7) lib/rails/rack/logger.rb:26:in `call'
sprockets-rails (3.4.2) lib/sprockets/rails/quiet_assets.rb:13:in `call'
actionpack (5.2.7) lib/action_dispatch/middleware/remote_ip.rb:81:in `call'
actionpack (5.2.7) lib/action_dispatch/middleware/request_id.rb:27:in `call'
rack (2.2.3) lib/rack/method_override.rb:24:in `call'
rack (2.2.3) lib/rack/runtime.rb:22:in `call'
activesupport (5.2.7) lib/active_support/cache/strategy/local_cache_middleware.rb:29:in `call'
actionpack (5.2.7) lib/action_dispatch/middleware/executor.rb:14:in `call'
actionpack (5.2.7) lib/action_dispatch/middleware/static.rb:127:in `call'
rack (2.2.3) lib/rack/sendfile.rb:110:in `call'
railties (5.2.7) lib/rails/engine.rb:524:in `call'
puma (3.12.6) lib/puma/configuration.rb:227:in `call'
puma (3.12.6) lib/puma/server.rb:706:in `handle_request'
puma (3.12.6) lib/puma/server.rb:476:in `process_client'
puma (3.12.6) lib/puma/server.rb:334:in `block in run'
puma (3.12.6) lib/puma/thread_pool.rb:135:in `block in spawn_thread'
Started GET "/vending_machine/index" for ::1 at 2022-03-19 13:48:39 +0800
Processing by VendingMachineController#index as HTML
  Rendering vending_machine/index.html.erb within layouts/application
  Rendered vending_machine/index.html.erb within layouts/application (1.0ms)
Completed 200 OK in 1718ms (Views: 1714.0ms | ActiveRecord: 0.0ms)


Started GET "/vending_machine/index" for ::1 at 2022-03-19 13:52:07 +0800
Processing by VendingMachineController#index as HTML
  Rendering vending_machine/index.html.erb within layouts/application
  Rendered vending_machine/index.html.erb within layouts/application (8.9ms)
Completed 200 OK in 156ms (Views: 151.7ms | ActiveRecord: 0.0ms)


Started GET "/vending_machine/index" for ::1 at 2022-03-19 13:53:43 +0800
Processing by VendingMachineController#index as HTML
  Rendering vending_machine/index.html.erb within layouts/application
  Rendered vending_machine/index.html.erb within layouts/application (1.5ms)
Completed 200 OK in 29ms (Views: 26.9ms | ActiveRecord: 0.0ms)


Started GET "/vending_machine/show?utf8=%E2%9C%93&money_left=200&price_tags=23&commit=what%20can%20I%20buy%3F" for ::1 at 2022-03-19 13:53:47 +0800
  
ActionController::RoutingError (No route matches [GET] "/vending_machine/show"):
  
actionpack (5.2.7) lib/action_dispatch/middleware/debug_exceptions.rb:65:in `call'
web-console (3.7.0) lib/web_console/middleware.rb:135:in `call_app'
web-console (3.7.0) lib/web_console/middleware.rb:30:in `block in call'
web-console (3.7.0) lib/web_console/middleware.rb:20:in `catch'
web-console (3.7.0) lib/web_console/middleware.rb:20:in `call'
actionpack (5.2.7) lib/action_dispatch/middleware/show_exceptions.rb:33:in `call'
railties (5.2.7) lib/rails/rack/logger.rb:38:in `call_app'
railties (5.2.7) lib/rails/rack/logger.rb:26:in `block in call'
activesupport (5.2.7) lib/active_support/tagged_logging.rb:71:in `block in tagged'
activesupport (5.2.7) lib/active_support/tagged_logging.rb:28:in `tagged'
activesupport (5.2.7) lib/active_support/tagged_logging.rb:71:in `tagged'
railties (5.2.7) lib/rails/rack/logger.rb:26:in `call'
sprockets-rails (3.4.2) lib/sprockets/rails/quiet_assets.rb:13:in `call'
actionpack (5.2.7) lib/action_dispatch/middleware/remote_ip.rb:81:in `call'
actionpack (5.2.7) lib/action_dispatch/middleware/request_id.rb:27:in `call'
rack (2.2.3) lib/rack/method_override.rb:24:in `call'
rack (2.2.3) lib/rack/runtime.rb:22:in `call'
activesupport (5.2.7) lib/active_support/cache/strategy/local_cache_middleware.rb:29:in `call'
actionpack (5.2.7) lib/action_dispatch/middleware/executor.rb:14:in `call'
actionpack (5.2.7) lib/action_dispatch/middleware/static.rb:127:in `call'
rack (2.2.3) lib/rack/sendfile.rb:110:in `call'
railties (5.2.7) lib/rails/engine.rb:524:in `call'
puma (3.12.6) lib/puma/configuration.rb:227:in `call'
puma (3.12.6) lib/puma/server.rb:706:in `handle_request'
puma (3.12.6) lib/puma/server.rb:476:in `process_client'
puma (3.12.6) lib/puma/server.rb:334:in `block in run'
puma (3.12.6) lib/puma/thread_pool.rb:135:in `block in spawn_thread'
Started GET "/vending_machine/show?utf8=%E2%9C%93&money_left=200&price_tags=23&commit=what%20can%20I%20buy%3F" for ::1 at 2022-03-19 13:53:49 +0800
  
ActionController::RoutingError (No route matches [GET] "/vending_machine/show"):
  
actionpack (5.2.7) lib/action_dispatch/middleware/debug_exceptions.rb:65:in `call'
web-console (3.7.0) lib/web_console/middleware.rb:135:in `call_app'
web-console (3.7.0) lib/web_console/middleware.rb:30:in `block in call'
web-console (3.7.0) lib/web_console/middleware.rb:20:in `catch'
web-console (3.7.0) lib/web_console/middleware.rb:20:in `call'
actionpack (5.2.7) lib/action_dispatch/middleware/show_exceptions.rb:33:in `call'
railties (5.2.7) lib/rails/rack/logger.rb:38:in `call_app'
railties (5.2.7) lib/rails/rack/logger.rb:26:in `block in call'
activesupport (5.2.7) lib/active_support/tagged_logging.rb:71:in `block in tagged'
activesupport (5.2.7) lib/active_support/tagged_logging.rb:28:in `tagged'
activesupport (5.2.7) lib/active_support/tagged_logging.rb:71:in `tagged'
railties (5.2.7) lib/rails/rack/logger.rb:26:in `call'
sprockets-rails (3.4.2) lib/sprockets/rails/quiet_assets.rb:13:in `call'
actionpack (5.2.7) lib/action_dispatch/middleware/remote_ip.rb:81:in `call'
actionpack (5.2.7) lib/action_dispatch/middleware/request_id.rb:27:in `call'
rack (2.2.3) lib/rack/method_override.rb:24:in `call'
rack (2.2.3) lib/rack/runtime.rb:22:in `call'
activesupport (5.2.7) lib/active_support/cache/strategy/local_cache_middleware.rb:29:in `call'
actionpack (5.2.7) lib/action_dispatch/middleware/executor.rb:14:in `call'
actionpack (5.2.7) lib/action_dispatch/middleware/static.rb:127:in `call'
rack (2.2.3) lib/rack/sendfile.rb:110:in `call'
railties (5.2.7) lib/rails/engine.rb:524:in `call'
puma (3.12.6) lib/puma/configuration.rb:227:in `call'
puma (3.12.6) lib/puma/server.rb:706:in `handle_request'
puma (3.12.6) lib/puma/server.rb:476:in `process_client'
puma (3.12.6) lib/puma/server.rb:334:in `block in run'
puma (3.12.6) lib/puma/thread_pool.rb:135:in `block in spawn_thread'
Started GET "/vending_machine/show?utf8=%E2%9C%93&money_left=200&price_tags=23&commit=what%20can%20I%20buy%3F" for ::1 at 2022-03-19 13:53:49 +0800
  
ActionController::RoutingError (No route matches [GET] "/vending_machine/show"):
  
actionpack (5.2.7) lib/action_dispatch/middleware/debug_exceptions.rb:65:in `call'
web-console (3.7.0) lib/web_console/middleware.rb:135:in `call_app'
web-console (3.7.0) lib/web_console/middleware.rb:30:in `block in call'
web-console (3.7.0) lib/web_console/middleware.rb:20:in `catch'
web-console (3.7.0) lib/web_console/middleware.rb:20:in `call'
actionpack (5.2.7) lib/action_dispatch/middleware/show_exceptions.rb:33:in `call'
railties (5.2.7) lib/rails/rack/logger.rb:38:in `call_app'
railties (5.2.7) lib/rails/rack/logger.rb:26:in `block in call'
activesupport (5.2.7) lib/active_support/tagged_logging.rb:71:in `block in tagged'
activesupport (5.2.7) lib/active_support/tagged_logging.rb:28:in `tagged'
activesupport (5.2.7) lib/active_support/tagged_logging.rb:71:in `tagged'
railties (5.2.7) lib/rails/rack/logger.rb:26:in `call'
sprockets-rails (3.4.2) lib/sprockets/rails/quiet_assets.rb:13:in `call'
actionpack (5.2.7) lib/action_dispatch/middleware/remote_ip.rb:81:in `call'
actionpack (5.2.7) lib/action_dispatch/middleware/request_id.rb:27:in `call'
rack (2.2.3) lib/rack/method_override.rb:24:in `call'
rack (2.2.3) lib/rack/runtime.rb:22:in `call'
activesupport (5.2.7) lib/active_support/cache/strategy/local_cache_middleware.rb:29:in `call'
actionpack (5.2.7) lib/action_dispatch/middleware/executor.rb:14:in `call'
actionpack (5.2.7) lib/action_dispatch/middleware/static.rb:127:in `call'
rack (2.2.3) lib/rack/sendfile.rb:110:in `call'
railties (5.2.7) lib/rails/engine.rb:524:in `call'
puma (3.12.6) lib/puma/configuration.rb:227:in `call'
puma (3.12.6) lib/puma/server.rb:706:in `handle_request'
puma (3.12.6) lib/puma/server.rb:476:in `process_client'
puma (3.12.6) lib/puma/server.rb:334:in `block in run'
puma (3.12.6) lib/puma/thread_pool.rb:135:in `block in spawn_thread'
Started GET "/vending_machine/show?utf8=%E2%9C%93&money_left=200&price_tags=23&commit=what%20can%20I%20buy%3F" for ::1 at 2022-03-19 13:54:06 +0800
  
ActionController::RoutingError (No route matches [GET] "/vending_machine/show"):
  
actionpack (5.2.7) lib/action_dispatch/middleware/debug_exceptions.rb:65:in `call'
web-console (3.7.0) lib/web_console/middleware.rb:135:in `call_app'
web-console (3.7.0) lib/web_console/middleware.rb:30:in `block in call'
web-console (3.7.0) lib/web_console/middleware.rb:20:in `catch'
web-console (3.7.0) lib/web_console/middleware.rb:20:in `call'
actionpack (5.2.7) lib/action_dispatch/middleware/show_exceptions.rb:33:in `call'
railties (5.2.7) lib/rails/rack/logger.rb:38:in `call_app'
railties (5.2.7) lib/rails/rack/logger.rb:26:in `block in call'
activesupport (5.2.7) lib/active_support/tagged_logging.rb:71:in `block in tagged'
activesupport (5.2.7) lib/active_support/tagged_logging.rb:28:in `tagged'
activesupport (5.2.7) lib/active_support/tagged_logging.rb:71:in `tagged'
railties (5.2.7) lib/rails/rack/logger.rb:26:in `call'
sprockets-rails (3.4.2) lib/sprockets/rails/quiet_assets.rb:13:in `call'
actionpack (5.2.7) lib/action_dispatch/middleware/remote_ip.rb:81:in `call'
actionpack (5.2.7) lib/action_dispatch/middleware/request_id.rb:27:in `call'
rack (2.2.3) lib/rack/method_override.rb:24:in `call'
rack (2.2.3) lib/rack/runtime.rb:22:in `call'
activesupport (5.2.7) lib/active_support/cache/strategy/local_cache_middleware.rb:29:in `call'
actionpack (5.2.7) lib/action_dispatch/middleware/executor.rb:14:in `call'
actionpack (5.2.7) lib/action_dispatch/middleware/static.rb:127:in `call'
rack (2.2.3) lib/rack/sendfile.rb:110:in `call'
railties (5.2.7) lib/rails/engine.rb:524:in `call'
puma (3.12.6) lib/puma/configuration.rb:227:in `call'
puma (3.12.6) lib/puma/server.rb:706:in `handle_request'
puma (3.12.6) lib/puma/server.rb:476:in `process_client'
puma (3.12.6) lib/puma/server.rb:334:in `block in run'
puma (3.12.6) lib/puma/thread_pool.rb:135:in `block in spawn_thread'
Started GET "/vending_machine/show?utf8=%E2%9C%93&money_left=200&price_tags=23&commit=what%20can%20I%20buy%3F" for ::1 at 2022-03-19 13:54:53 +0800
  
ActionController::RoutingError (No route matches [GET] "/vending_machine/show"):
  
actionpack (5.2.7) lib/action_dispatch/middleware/debug_exceptions.rb:65:in `call'
web-console (3.7.0) lib/web_console/middleware.rb:135:in `call_app'
web-console (3.7.0) lib/web_console/middleware.rb:30:in `block in call'
web-console (3.7.0) lib/web_console/middleware.rb:20:in `catch'
web-console (3.7.0) lib/web_console/middleware.rb:20:in `call'
actionpack (5.2.7) lib/action_dispatch/middleware/show_exceptions.rb:33:in `call'
railties (5.2.7) lib/rails/rack/logger.rb:38:in `call_app'
railties (5.2.7) lib/rails/rack/logger.rb:26:in `block in call'
activesupport (5.2.7) lib/active_support/tagged_logging.rb:71:in `block in tagged'
activesupport (5.2.7) lib/active_support/tagged_logging.rb:28:in `tagged'
activesupport (5.2.7) lib/active_support/tagged_logging.rb:71:in `tagged'
railties (5.2.7) lib/rails/rack/logger.rb:26:in `call'
sprockets-rails (3.4.2) lib/sprockets/rails/quiet_assets.rb:13:in `call'
actionpack (5.2.7) lib/action_dispatch/middleware/remote_ip.rb:81:in `call'
actionpack (5.2.7) lib/action_dispatch/middleware/request_id.rb:27:in `call'
rack (2.2.3) lib/rack/method_override.rb:24:in `call'
rack (2.2.3) lib/rack/runtime.rb:22:in `call'
activesupport (5.2.7) lib/active_support/cache/strategy/local_cache_middleware.rb:29:in `call'
actionpack (5.2.7) lib/action_dispatch/middleware/executor.rb:14:in `call'
actionpack (5.2.7) lib/action_dispatch/middleware/static.rb:127:in `call'
rack (2.2.3) lib/rack/sendfile.rb:110:in `call'
railties (5.2.7) lib/rails/engine.rb:524:in `call'
puma (3.12.6) lib/puma/configuration.rb:227:in `call'
puma (3.12.6) lib/puma/server.rb:706:in `handle_request'
puma (3.12.6) lib/puma/server.rb:476:in `process_client'
puma (3.12.6) lib/puma/server.rb:334:in `block in run'
puma (3.12.6) lib/puma/thread_pool.rb:135:in `block in spawn_thread'
Started GET "/vending_machine/index" for ::1 at 2022-03-19 13:57:58 +0800
Processing by VendingMachineController#index as HTML
  Rendering vending_machine/index.html.erb within layouts/application
  Rendered vending_machine/index.html.erb within layouts/application (0.9ms)
Completed 200 OK in 21ms (Views: 19.2ms | ActiveRecord: 0.0ms)


Started GET "/vending_machine/what_can_i_buy?utf8=%E2%9C%93&money_left=2&price_tags=2&commit=what%20can%20I%20buy%3F" for ::1 at 2022-03-19 13:58:02 +0800
Processing by VendingMachineController#what_can_i_buy as JS
  Parameters: {"utf8"=>"✓", "money_left"=>"2", "price_tags"=>"2", "commit"=>"what can I buy?"}
Completed 500 Internal Server Error in 2ms (ActiveRecord: 0.0ms)


  
NoMethodError (undefined method `pry' for #<Binding:0x00007fa684407630>
Did you mean?  try):
  
app/controllers/vending_machine_controller.rb:6:in `what_can_i_buy'
Started GET "/vending_machine/index" for ::1 at 2022-03-19 13:59:29 +0800
Processing by VendingMachineController#index as HTML
  Rendering vending_machine/index.html.erb within layouts/application
  Rendered vending_machine/index.html.erb within layouts/application (7.0ms)
Completed 200 OK in 179ms (Views: 175.7ms | ActiveRecord: 0.0ms)


Started GET "/vending_machine/what_can_i_buy?utf8=%E2%9C%93&money_left=&price_tags=&commit=what%20can%20I%20buy%3F" for ::1 at 2022-03-19 13:59:30 +0800
Processing by VendingMachineController#what_can_i_buy as JS
  Parameters: {"utf8"=>"✓", "money_left"=>"", "price_tags"=>"", "commit"=>"what can I buy?"}
Completed 500 Internal Server Error in 23048ms (ActiveRecord: 0.0ms)


  
NameError (undefined local variable or method `list' for #<VendingMachineController:0x00007f80daf58ba8>):
  
app/controllers/vending_machine_controller.rb:10:in `what_can_i_buy'
Started GET "/vending_machine/what_can_i_buy?utf8=%E2%9C%93&money_left=22&price_tags=22&commit=what%20can%20I%20buy%3F" for ::1 at 2022-03-19 14:01:35 +0800
Processing by VendingMachineController#what_can_i_buy as JS
  Parameters: {"utf8"=>"✓", "money_left"=>"22", "price_tags"=>"22", "commit"=>"what can I buy?"}
No template found for VendingMachineController#what_can_i_buy, rendering head :no_content
Completed 204 No Content in 2458ms (ActiveRecord: 0.0ms)


Started GET "/vending_machine/index" for ::1 at 2022-03-19 14:05:20 +0800
Processing by VendingMachineController#index as HTML
  Rendering vending_machine/index.html.erb within layouts/application
  Rendered vending_machine/index.html.erb within layouts/application (1.0ms)
Completed 200 OK in 14ms (Views: 12.4ms | ActiveRecord: 0.0ms)


Started GET "/vending_machine/what_can_i_buy?utf8=%E2%9C%93&money_left=3&price_tags=3&commit=what%20can%20I%20buy%3F" for ::1 at 2022-03-19 14:05:23 +0800
Processing by VendingMachineController#what_can_i_buy as JS
  Parameters: {"utf8"=>"✓", "money_left"=>"3", "price_tags"=>"3", "commit"=>"what can I buy?"}
Completed 500 Internal Server Error in 101ms (ActiveRecord: 0.0ms)


  
NameError (undefined local variable or method `fuck' for #<VendingMachineController:0x00007f80dbeddc40>):
  
app/controllers/vending_machine_controller.rb:14:in `what_can_i_buy'
Started GET "/vending_machine/what_can_i_buy?utf8=%E2%9C%93&money_left=3&price_tags=3&commit=what%20can%20I%20buy%3F" for ::1 at 2022-03-19 14:05:55 +0800
Processing by VendingMachineController#what_can_i_buy as JS
  Parameters: {"utf8"=>"✓", "money_left"=>"3", "price_tags"=>"3", "commit"=>"what can I buy?"}
Completed 200 OK in 1ms (Views: 0.1ms | ActiveRecord: 0.0ms)


Started GET "/vending_machine/what_can_i_buy?utf8=%E2%9C%93&money_left=3&price_tags=3&commit=what%20can%20I%20buy%3F" for ::1 at 2022-03-19 14:05:57 +0800
Processing by VendingMachineController#what_can_i_buy as JS
  Parameters: {"utf8"=>"✓", "money_left"=>"3", "price_tags"=>"3", "commit"=>"what can I buy?"}
Completed 200 OK in 1ms (Views: 0.2ms | ActiveRecord: 0.0ms)


Started GET "/vending_machine/what_can_i_buy?utf8=%E2%9C%93&money_left=3&price_tags=3&commit=what%20can%20I%20buy%3F" for ::1 at 2022-03-19 14:05:58 +0800
Processing by VendingMachineController#what_can_i_buy as JS
  Parameters: {"utf8"=>"✓", "money_left"=>"3", "price_tags"=>"3", "commit"=>"what can I buy?"}
Completed 200 OK in 1ms (Views: 0.2ms | ActiveRecord: 0.0ms)


Started GET "/vending_machine/what_can_i_buy?utf8=%E2%9C%93&money_left=3&price_tags=3&commit=what%20can%20I%20buy%3F" for ::1 at 2022-03-19 14:05:58 +0800
Processing by VendingMachineController#what_can_i_buy as JS
  Parameters: {"utf8"=>"✓", "money_left"=>"3", "price_tags"=>"3", "commit"=>"what can I buy?"}
Completed 200 OK in 0ms (Views: 0.1ms | ActiveRecord: 0.0ms)


Started GET "/vending_machine/index" for ::1 at 2022-03-19 14:06:06 +0800
Processing by VendingMachineController#index as HTML
  Rendering vending_machine/index.html.erb within layouts/application
  Rendered vending_machine/index.html.erb within layouts/application (5.4ms)
Completed 200 OK in 30ms (Views: 27.4ms | ActiveRecord: 0.0ms)


Started GET "/vending_machine/what_can_i_buy?utf8=%E2%9C%93&money_left=32&price_tags=23&commit=what%20can%20I%20buy%3F" for ::1 at 2022-03-19 14:06:08 +0800
Processing by VendingMachineController#what_can_i_buy as JS
  Parameters: {"utf8"=>"✓", "money_left"=>"32", "price_tags"=>"23", "commit"=>"what can I buy?"}
Completed 200 OK in 0ms (Views: 0.1ms | ActiveRecord: 0.0ms)


Started GET "/vending_machine/what_can_i_buy?utf8=%E2%9C%93&money_left=32&price_tags=23&commit=what%20can%20I%20buy%3F" for ::1 at 2022-03-19 14:06:10 +0800
Processing by VendingMachineController#what_can_i_buy as JS
  Parameters: {"utf8"=>"✓", "money_left"=>"32", "price_tags"=>"23", "commit"=>"what can I buy?"}
Completed 200 OK in 1ms (Views: 0.2ms | ActiveRecord: 0.0ms)


Started GET "/vending_machine/what_can_i_buy?utf8=%E2%9C%93&money_left=32&price_tags=23&commit=what%20can%20I%20buy%3F" for ::1 at 2022-03-19 14:06:19 +0800
Processing by VendingMachineController#what_can_i_buy as JS
  Parameters: {"utf8"=>"✓", "money_left"=>"32", "price_tags"=>"23", "commit"=>"what can I buy?"}
Completed 200 OK in 1ms (Views: 0.2ms | ActiveRecord: 0.0ms)


Started GET "/vending_machine/index" for ::1 at 2022-03-19 14:12:36 +0800
Processing by VendingMachineController#index as HTML
  Rendering vending_machine/index.html.erb within layouts/application
  Rendered vending_machine/index.html.erb within layouts/application (3.3ms)
Completed 200 OK in 41ms (Views: 37.8ms | ActiveRecord: 0.0ms)


Started GET "/vending_machine/index" for ::1 at 2022-03-19 14:13:35 +0800
Processing by VendingMachineController#index as HTML
  Rendering vending_machine/index.html.erb within layouts/application
  Rendered vending_machine/index.html.erb within layouts/application (1.5ms)
Completed 200 OK in 18ms (Views: 15.6ms | ActiveRecord: 0.0ms)


Started GET "/vending_machine/what_can_i_buy?utf8=%E2%9C%93&money_left=s&price_tags=s&commit=what%20can%20I%20buy%3F" for ::1 at 2022-03-19 14:13:38 +0800
Processing by VendingMachineController#what_can_i_buy as JS
  Parameters: {"utf8"=>"✓", "money_left"=>"s", "price_tags"=>"s", "commit"=>"what can I buy?"}
Completed 200 OK in 1ms (Views: 0.2ms | ActiveRecord: 0.0ms)


Started GET "/vending_machine/index" for ::1 at 2022-03-19 14:13:59 +0800
Processing by VendingMachineController#index as HTML
  Rendering vending_machine/index.html.erb within layouts/application
  Rendered vending_machine/index.html.erb within layouts/application (1.3ms)
Completed 200 OK in 16ms (Views: 14.6ms | ActiveRecord: 0.0ms)


Started GET "/vending_machine/what_can_i_buy?utf8=%E2%9C%93&money_left=asfd&price_tags=&commit=what%20can%20I%20buy%3F" for ::1 at 2022-03-19 14:14:01 +0800
Processing by VendingMachineController#what_can_i_buy as JS
  Parameters: {"utf8"=>"✓", "money_left"=>"asfd", "price_tags"=>"", "commit"=>"what can I buy?"}
Completed 200 OK in 0ms (Views: 0.1ms | ActiveRecord: 0.0ms)


Started GET "/vending_machine/index" for ::1 at 2022-03-19 14:15:39 +0800
Processing by VendingMachineController#index as HTML
  Rendering vending_machine/index.html.erb within layouts/application
  Rendered vending_machine/index.html.erb within layouts/application (1.2ms)
Completed 200 OK in 195ms (Views: 193.4ms | ActiveRecord: 0.0ms)


Started GET "/vending_machine/what_can_i_buy?utf8=%E2%9C%93&money_left=a&price_tags=a&commit=what%20can%20I%20buy%3F" for ::1 at 2022-03-19 14:15:43 +0800
Processing by VendingMachineController#what_can_i_buy as JS
  Parameters: {"utf8"=>"✓", "money_left"=>"a", "price_tags"=>"a", "commit"=>"what can I buy?"}
Completed 200 OK in 1ms (Views: 0.3ms | ActiveRecord: 0.0ms)


Started GET "/vending_machine/index" for ::1 at 2022-03-19 14:16:29 +0800
Processing by VendingMachineController#index as HTML
  Rendering vending_machine/index.html.erb within layouts/application
  Rendered vending_machine/index.html.erb within layouts/application (7.5ms)
Completed 200 OK in 235ms (Views: 231.0ms | ActiveRecord: 0.0ms)


Started GET "/vending_machine/what_can_i_buy?utf8=%E2%9C%93&money_left=&price_tags=&commit=what%20can%20I%20buy%3F" for ::1 at 2022-03-19 14:16:30 +0800
Processing by VendingMachineController#what_can_i_buy as JS
  Parameters: {"utf8"=>"✓", "money_left"=>"", "price_tags"=>"", "commit"=>"what can I buy?"}
Completed 200 OK in 1ms (Views: 0.2ms | ActiveRecord: 0.0ms)


Started GET "/vending_machine/what_can_i_buy?utf8=%E2%9C%93&money_left=&price_tags=&commit=what%20can%20I%20buy%3F" for ::1 at 2022-03-19 14:16:32 +0800
Processing by VendingMachineController#what_can_i_buy as JS
  Parameters: {"utf8"=>"✓", "money_left"=>"", "price_tags"=>"", "commit"=>"what can I buy?"}
Completed 200 OK in 3ms (Views: 1.4ms | ActiveRecord: 0.0ms)


Started GET "/vending_machine/what_can_i_buy?utf8=%E2%9C%93&money_left=&price_tags=&commit=what%20can%20I%20buy%3F" for ::1 at 2022-03-19 14:16:32 +0800
Processing by VendingMachineController#what_can_i_buy as JS
  Parameters: {"utf8"=>"✓", "money_left"=>"", "price_tags"=>"", "commit"=>"what can I buy?"}
Completed 200 OK in 1ms (Views: 0.6ms | ActiveRecord: 0.0ms)


Started GET "/vending_machine/what_can_i_buy?utf8=%E2%9C%93&money_left=&price_tags=&commit=what%20can%20I%20buy%3F" for ::1 at 2022-03-19 14:16:33 +0800
Processing by VendingMachineController#what_can_i_buy as JS
  Parameters: {"utf8"=>"✓", "money_left"=>"", "price_tags"=>"", "commit"=>"what can I buy?"}
Completed 200 OK in 1ms (Views: 0.2ms | ActiveRecord: 0.0ms)


Started GET "/vending_machine/what_can_i_buy?utf8=%E2%9C%93&money_left=&price_tags=&commit=what%20can%20I%20buy%3F" for ::1 at 2022-03-19 14:16:33 +0800
Processing by VendingMachineController#what_can_i_buy as JS
  Parameters: {"utf8"=>"✓", "money_left"=>"", "price_tags"=>"", "commit"=>"what can I buy?"}
Completed 200 OK in 1ms (Views: 0.2ms | ActiveRecord: 0.0ms)


Started GET "/vending_machine/what_can_i_buy?utf8=%E2%9C%93&money_left=&price_tags=&commit=what%20can%20I%20buy%3F" for ::1 at 2022-03-19 14:16:33 +0800
Processing by VendingMachineController#what_can_i_buy as JS
  Parameters: {"utf8"=>"✓", "money_left"=>"", "price_tags"=>"", "commit"=>"what can I buy?"}
Completed 200 OK in 1ms (Views: 0.2ms | ActiveRecord: 0.0ms)


Started GET "/vending_machine/what_can_i_buy?utf8=%E2%9C%93&money_left=&price_tags=&commit=what%20can%20I%20buy%3F" for ::1 at 2022-03-19 14:16:33 +0800
Processing by VendingMachineController#what_can_i_buy as JS
  Parameters: {"utf8"=>"✓", "money_left"=>"", "price_tags"=>"", "commit"=>"what can I buy?"}
Completed 200 OK in 1ms (Views: 0.2ms | ActiveRecord: 0.0ms)


Started GET "/vending_machine/what_can_i_buy?utf8=%E2%9C%93&money_left=&price_tags=&commit=what%20can%20I%20buy%3F" for ::1 at 2022-03-19 14:16:33 +0800
Processing by VendingMachineController#what_can_i_buy as JS
  Parameters: {"utf8"=>"✓", "money_left"=>"", "price_tags"=>"", "commit"=>"what can I buy?"}
Completed 200 OK in 2ms (Views: 0.6ms | ActiveRecord: 0.0ms)


Started GET "/vending_machine/index" for ::1 at 2022-03-19 14:16:35 +0800
Processing by VendingMachineController#index as HTML
  Rendering vending_machine/index.html.erb within layouts/application
  Rendered vending_machine/index.html.erb within layouts/application (3.8ms)
Completed 200 OK in 28ms (Views: 25.9ms | ActiveRecord: 0.0ms)


Started GET "/vending_machine/index" for ::1 at 2022-03-19 14:17:04 +0800
Processing by VendingMachineController#index as HTML
  Rendering vending_machine/index.html.erb within layouts/application
  Rendered vending_machine/index.html.erb within layouts/application (7.6ms)
Completed 200 OK in 177ms (Views: 173.1ms | ActiveRecord: 0.0ms)


Started GET "/vending_machine/what_can_i_buy?utf8=%E2%9C%93&money_left=&price_tags=&commit=what%20can%20I%20buy%3F" for ::1 at 2022-03-19 14:17:07 +0800
Processing by VendingMachineController#what_can_i_buy as JS
  Parameters: {"utf8"=>"✓", "money_left"=>"", "price_tags"=>"", "commit"=>"what can I buy?"}
Completed 200 OK in 1ms (Views: 0.2ms | ActiveRecord: 0.0ms)


Started GET "/vending_machine/what_can_i_buy?utf8=%E2%9C%93&money_left=&price_tags=&commit=what%20can%20I%20buy%3F" for ::1 at 2022-03-19 14:17:07 +0800
Processing by VendingMachineController#what_can_i_buy as JS
  Parameters: {"utf8"=>"✓", "money_left"=>"", "price_tags"=>"", "commit"=>"what can I buy?"}
Completed 200 OK in 0ms (Views: 0.1ms | ActiveRecord: 0.0ms)


Started GET "/vending_machine/what_can_i_buy?utf8=%E2%9C%93&money_left=&price_tags=&commit=what%20can%20I%20buy%3F" for ::1 at 2022-03-19 14:17:07 +0800
Processing by VendingMachineController#what_can_i_buy as JS
  Parameters: {"utf8"=>"✓", "money_left"=>"", "price_tags"=>"", "commit"=>"what can I buy?"}
Completed 200 OK in 0ms (Views: 0.1ms | ActiveRecord: 0.0ms)


Started GET "/vending_machine/what_can_i_buy?utf8=%E2%9C%93&money_left=&price_tags=&commit=what%20can%20I%20buy%3F" for ::1 at 2022-03-19 14:17:08 +0800
Processing by VendingMachineController#what_can_i_buy as JS
  Parameters: {"utf8"=>"✓", "money_left"=>"", "price_tags"=>"", "commit"=>"what can I buy?"}
Completed 200 OK in 0ms (Views: 0.1ms | ActiveRecord: 0.0ms)


Started GET "/vending_machine/index" for ::1 at 2022-03-19 14:17:43 +0800
Processing by VendingMachineController#index as HTML
  Rendering vending_machine/index.html.erb within layouts/application
  Rendered vending_machine/index.html.erb within layouts/application (7.3ms)
Completed 200 OK in 309ms (Views: 305.1ms | ActiveRecord: 0.0ms)


Started GET "/vending_machine/index" for ::1 at 2022-03-19 14:17:45 +0800
Processing by VendingMachineController#index as HTML
  Rendering vending_machine/index.html.erb within layouts/application
  Rendered vending_machine/index.html.erb within layouts/application (2.1ms)
Completed 200 OK in 25ms (Views: 23.1ms | ActiveRecord: 0.0ms)


Started GET "/vending_machine/what_can_i_buy?utf8=%E2%9C%93&money_left=&price_tags=&commit=what%20can%20I%20buy%3F" for ::1 at 2022-03-19 14:17:53 +0800
Processing by VendingMachineController#what_can_i_buy as JS
  Parameters: {"utf8"=>"✓", "money_left"=>"", "price_tags"=>"", "commit"=>"what can I buy?"}
Completed 200 OK in 1ms (Views: 0.1ms | ActiveRecord: 0.0ms)


Started GET "/vending_machine/what_can_i_buy?utf8=%E2%9C%93&money_left=&price_tags=&commit=what%20can%20I%20buy%3F" for ::1 at 2022-03-19 14:17:54 +0800
Processing by VendingMachineController#what_can_i_buy as JS
  Parameters: {"utf8"=>"✓", "money_left"=>"", "price_tags"=>"", "commit"=>"what can I buy?"}
Completed 200 OK in 1ms (Views: 0.1ms | ActiveRecord: 0.0ms)


Started GET "/vending_machine/what_can_i_buy?utf8=%E2%9C%93&money_left=&price_tags=&commit=what%20can%20I%20buy%3F" for ::1 at 2022-03-19 14:17:54 +0800
Processing by VendingMachineController#what_can_i_buy as JS
  Parameters: {"utf8"=>"✓", "money_left"=>"", "price_tags"=>"", "commit"=>"what can I buy?"}
Completed 200 OK in 1ms (Views: 0.1ms | ActiveRecord: 0.0ms)


Started GET "/vending_machine/what_can_i_buy?utf8=%E2%9C%93&money_left=&price_tags=&commit=what%20can%20I%20buy%3F" for ::1 at 2022-03-19 14:17:54 +0800
Processing by VendingMachineController#what_can_i_buy as JS
  Parameters: {"utf8"=>"✓", "money_left"=>"", "price_tags"=>"", "commit"=>"what can I buy?"}
Completed 200 OK in 1ms (Views: 0.4ms | ActiveRecord: 0.0ms)


Started GET "/vending_machine/what_can_i_buy?utf8=%E2%9C%93&money_left=&price_tags=&commit=what%20can%20I%20buy%3F" for ::1 at 2022-03-19 14:17:59 +0800
Processing by VendingMachineController#what_can_i_buy as JS
  Parameters: {"utf8"=>"✓", "money_left"=>"", "price_tags"=>"", "commit"=>"what can I buy?"}
Completed 200 OK in 1ms (Views: 0.1ms | ActiveRecord: 0.0ms)


Started GET "/vending_machine/index" for ::1 at 2022-03-19 14:18:41 +0800
Processing by VendingMachineController#index as HTML
  Rendering vending_machine/index.html.erb within layouts/application
  Rendered vending_machine/index.html.erb within layouts/application (1.3ms)
Completed 200 OK in 29ms (Views: 26.6ms | ActiveRecord: 0.0ms)


Started GET "/vending_machine/index" for ::1 at 2022-03-19 14:19:04 +0800
Processing by VendingMachineController#index as HTML
  Rendering vending_machine/index.html.erb within layouts/application
  Rendered vending_machine/index.html.erb within layouts/application (1.0ms)
Completed 200 OK in 21ms (Views: 20.1ms | ActiveRecord: 0.0ms)


Started GET "/vending_machine/index" for ::1 at 2022-03-19 14:19:23 +0800
Processing by VendingMachineController#index as HTML
  Rendering vending_machine/index.html.erb within layouts/application
  Rendered vending_machine/index.html.erb within layouts/application (1.4ms)
Completed 200 OK in 26ms (Views: 22.8ms | ActiveRecord: 0.0ms)


Started GET "/vending_machine/index" for ::1 at 2022-03-19 14:19:43 +0800
Processing by VendingMachineController#index as HTML
  Rendering vending_machine/index.html.erb within layouts/application
  Rendered vending_machine/index.html.erb within layouts/application (1.4ms)
Completed 200 OK in 27ms (Views: 24.8ms | ActiveRecord: 0.0ms)


Started GET "/vending_machine/what_can_i_buy?utf8=%E2%9C%93&money_left=&price_tags=&commit=what%20can%20I%20buy%3F" for ::1 at 2022-03-19 14:19:47 +0800
Processing by VendingMachineController#what_can_i_buy as JS
  Parameters: {"utf8"=>"✓", "money_left"=>"", "price_tags"=>"", "commit"=>"what can I buy?"}
Completed 200 OK in 1ms (Views: 0.4ms | ActiveRecord: 0.0ms)


Started GET "/vending_machine/what_can_i_buy?utf8=%E2%9C%93&money_left=&price_tags=&commit=what%20can%20I%20buy%3F" for ::1 at 2022-03-19 14:19:48 +0800
Processing by VendingMachineController#what_can_i_buy as JS
  Parameters: {"utf8"=>"✓", "money_left"=>"", "price_tags"=>"", "commit"=>"what can I buy?"}
Completed 200 OK in 1ms (Views: 0.2ms | ActiveRecord: 0.0ms)


Started GET "/vending_machine/what_can_i_buy?utf8=%E2%9C%93&money_left=&price_tags=&commit=what%20can%20I%20buy%3F" for ::1 at 2022-03-19 14:19:48 +0800
Processing by VendingMachineController#what_can_i_buy as JS
  Parameters: {"utf8"=>"✓", "money_left"=>"", "price_tags"=>"", "commit"=>"what can I buy?"}
Completed 200 OK in 1ms (Views: 0.1ms | ActiveRecord: 0.0ms)


Started GET "/vending_machine/what_can_i_buy?utf8=%E2%9C%93&money_left=&price_tags=&commit=what%20can%20I%20buy%3F" for ::1 at 2022-03-19 14:19:48 +0800
Processing by VendingMachineController#what_can_i_buy as JS
  Parameters: {"utf8"=>"✓", "money_left"=>"", "price_tags"=>"", "commit"=>"what can I buy?"}
Completed 200 OK in 1ms (Views: 0.2ms | ActiveRecord: 0.0ms)


Started GET "/vending_machine/what_can_i_buy?utf8=%E2%9C%93&money_left=&price_tags=&commit=what%20can%20I%20buy%3F" for ::1 at 2022-03-19 14:19:48 +0800
Processing by VendingMachineController#what_can_i_buy as JS
  Parameters: {"utf8"=>"✓", "money_left"=>"", "price_tags"=>"", "commit"=>"what can I buy?"}
Completed 200 OK in 1ms (Views: 0.2ms | ActiveRecord: 0.0ms)


Started GET "/vending_machine/what_can_i_buy?utf8=%E2%9C%93&money_left=&price_tags=&commit=what%20can%20I%20buy%3F" for ::1 at 2022-03-19 14:19:48 +0800
Processing by VendingMachineController#what_can_i_buy as JS
  Parameters: {"utf8"=>"✓", "money_left"=>"", "price_tags"=>"", "commit"=>"what can I buy?"}
Completed 200 OK in 1ms (Views: 0.2ms | ActiveRecord: 0.0ms)


Started GET "/vending_machine/what_can_i_buy?utf8=%E2%9C%93&money_left=&price_tags=&commit=what%20can%20I%20buy%3F" for ::1 at 2022-03-19 14:19:49 +0800
Processing by VendingMachineController#what_can_i_buy as JS
  Parameters: {"utf8"=>"✓", "money_left"=>"", "price_tags"=>"", "commit"=>"what can I buy?"}
Completed 200 OK in 1ms (Views: 0.2ms | ActiveRecord: 0.0ms)


Started GET "/vending_machine/what_can_i_buy?utf8=%E2%9C%93&money_left=&price_tags=&commit=what%20can%20I%20buy%3F" for ::1 at 2022-03-19 14:19:49 +0800
Processing by VendingMachineController#what_can_i_buy as JS
  Parameters: {"utf8"=>"✓", "money_left"=>"", "price_tags"=>"", "commit"=>"what can I buy?"}
Completed 200 OK in 1ms (Views: 0.1ms | ActiveRecord: 0.0ms)


Started GET "/vending_machine/what_can_i_buy?utf8=%E2%9C%93&money_left=&price_tags=&commit=what%20can%20I%20buy%3F" for ::1 at 2022-03-19 14:19:49 +0800
Processing by VendingMachineController#what_can_i_buy as JS
  Parameters: {"utf8"=>"✓", "money_left"=>"", "price_tags"=>"", "commit"=>"what can I buy?"}
Completed 200 OK in 1ms (Views: 0.1ms | ActiveRecord: 0.0ms)


Started GET "/vending_machine/index" for ::1 at 2022-03-19 14:21:02 +0800
Processing by VendingMachineController#index as HTML
  Rendering vending_machine/index.html.erb within layouts/application
  Rendered vending_machine/index.html.erb within layouts/application (1.1ms)
Completed 200 OK in 24ms (Views: 17.0ms | ActiveRecord: 0.0ms)


Started GET "/vending_machine/index" for ::1 at 2022-03-19 14:22:41 +0800
Processing by VendingMachineController#index as HTML
  Rendering vending_machine/index.html.erb within layouts/application
  Rendered vending_machine/index.html.erb within layouts/application (1.2ms)
Completed 500 Internal Server Error in 25ms (ActiveRecord: 0.0ms)


  
ActionView::Template::Error (couldn't find file 'bootstrap-sprockets' with type 'application/javascript'
Checked in these paths: 
  /Users/samli/Projects/vending-machine-dp/vending/app/assets/config
  /Users/samli/Projects/vending-machine-dp/vending/app/assets/images
  /Users/samli/Projects/vending-machine-dp/vending/app/assets/javascripts
  /Users/samli/Projects/vending-machine-dp/vending/app/assets/stylesheets
  /Users/samli/.rbenv/versions/2.5.7/lib/ruby/gems/2.5.0/gems/jquery-rails-4.3.5/vendor/assets/javascripts
  /Users/samli/.rbenv/versions/2.5.7/lib/ruby/gems/2.5.0/gems/coffee-rails-4.2.2/lib/assets/javascripts
  /Users/samli/.rbenv/versions/2.5.7/lib/ruby/gems/2.5.0/gems/actioncable-5.2.7/lib/assets/compiled
  /Users/samli/.rbenv/versions/2.5.7/lib/ruby/gems/2.5.0/gems/activestorage-5.2.7/app/assets/javascripts
  /Users/samli/.rbenv/versions/2.5.7/lib/ruby/gems/2.5.0/gems/actionview-5.2.7/lib/assets/compiled
  /Users/samli/.rbenv/versions/2.5.7/lib/ruby/gems/2.5.0/gems/turbolinks-source-5.2.0/lib/assets/javascripts
  /Users/samli/Projects/vending-machine-dp/vending/node_modules):
     6:     <%= csp_meta_tag %>
     7: 
     8:     <%= stylesheet_link_tag    'application', media: 'all', 'data-turbolinks-track': 'reload' %>
     9:     <%= javascript_include_tag 'application', 'data-turbolinks-track': 'reload' %>
    10:   </head>
    11: 
    12:   <body>
  
app/assets/javascripts/application.js:19
app/views/layouts/application.html.erb:9:in `_app_views_layouts_application_html_erb___2685344079913658313_70332609140620'
Started GET "/vending_machine/index" for ::1 at 2022-03-19 14:22:53 +0800
Processing by VendingMachineController#index as HTML
  Rendering vending_machine/index.html.erb within layouts/application
  Rendered vending_machine/index.html.erb within layouts/application (1.3ms)
Completed 200 OK in 65ms (Views: 63.7ms | ActiveRecord: 0.0ms)


Started GET "/vending_machine/what_can_i_buy?utf8=%E2%9C%93&money_left=asdf&price_tags=asdf&commit=what%20can%20I%20buy%3F" for ::1 at 2022-03-19 14:22:56 +0800
Processing by VendingMachineController#what_can_i_buy as JS
  Parameters: {"utf8"=>"✓", "money_left"=>"asdf", "price_tags"=>"asdf", "commit"=>"what can I buy?"}
Completed 200 OK in 1ms (Views: 0.1ms | ActiveRecord: 0.0ms)


Started GET "/vending_machine/what_can_i_buy?utf8=%E2%9C%93&money_left=asdf&price_tags=asdf&commit=what%20can%20I%20buy%3F" for ::1 at 2022-03-19 14:23:02 +0800
Processing by VendingMachineController#what_can_i_buy as JS
  Parameters: {"utf8"=>"✓", "money_left"=>"asdf", "price_tags"=>"asdf", "commit"=>"what can I buy?"}
Completed 200 OK in 1ms (Views: 0.2ms | ActiveRecord: 0.0ms)


Started GET "/vending_machine/what_can_i_buy?utf8=%E2%9C%93&money_left=asdf&price_tags=asdf&commit=what%20can%20I%20buy%3F" for ::1 at 2022-03-19 14:23:04 +0800
Processing by VendingMachineController#what_can_i_buy as JS
  Parameters: {"utf8"=>"✓", "money_left"=>"asdf", "price_tags"=>"asdf", "commit"=>"what can I buy?"}
Completed 200 OK in 1ms (Views: 0.2ms | ActiveRecord: 0.0ms)


Started GET "/vending_machine/what_can_i_buy?utf8=%E2%9C%93&money_left=asdf&price_tags=asdf&commit=what%20can%20I%20buy%3F" for ::1 at 2022-03-19 14:23:04 +0800
Processing by VendingMachineController#what_can_i_buy as JS
  Parameters: {"utf8"=>"✓", "money_left"=>"asdf", "price_tags"=>"asdf", "commit"=>"what can I buy?"}
Completed 200 OK in 1ms (Views: 0.2ms | ActiveRecord: 0.0ms)


Started GET "/vending_machine/what_can_i_buy?utf8=%E2%9C%93&money_left=asdf&price_tags=asdf&commit=what%20can%20I%20buy%3F" for ::1 at 2022-03-19 14:23:04 +0800
Processing by VendingMachineController#what_can_i_buy as JS
  Parameters: {"utf8"=>"✓", "money_left"=>"asdf", "price_tags"=>"asdf", "commit"=>"what can I buy?"}
Completed 200 OK in 1ms (Views: 0.2ms | ActiveRecord: 0.0ms)


Started GET "/vending_machine/what_can_i_buy?utf8=%E2%9C%93&money_left=asdf&price_tags=asdf&commit=what%20can%20I%20buy%3F" for ::1 at 2022-03-19 14:23:04 +0800
Processing by VendingMachineController#what_can_i_buy as JS
  Parameters: {"utf8"=>"✓", "money_left"=>"asdf", "price_tags"=>"asdf", "commit"=>"what can I buy?"}
Completed 200 OK in 1ms (Views: 0.1ms | ActiveRecord: 0.0ms)


Started GET "/vending_machine/index" for ::1 at 2022-03-19 14:23:26 +0800
Processing by VendingMachineController#index as HTML
  Rendering vending_machine/index.html.erb within layouts/application
  Rendered vending_machine/index.html.erb within layouts/application (1.7ms)
Completed 200 OK in 280ms (Views: 278.2ms | ActiveRecord: 0.0ms)


Started GET "/vending_machine/what_can_i_buy?utf8=%E2%9C%93&money_left=&price_tags=&commit=what%20can%20I%20buy%3F" for ::1 at 2022-03-19 14:23:27 +0800
Processing by VendingMachineController#what_can_i_buy as JS
  Parameters: {"utf8"=>"✓", "money_left"=>"", "price_tags"=>"", "commit"=>"what can I buy?"}
Completed 200 OK in 1ms (Views: 0.2ms | ActiveRecord: 0.0ms)


Started GET "/vending_machine/what_can_i_buy?utf8=%E2%9C%93&money_left=&price_tags=&commit=what%20can%20I%20buy%3F" for ::1 at 2022-03-19 14:23:28 +0800
Processing by VendingMachineController#what_can_i_buy as JS
  Parameters: {"utf8"=>"✓", "money_left"=>"", "price_tags"=>"", "commit"=>"what can I buy?"}
Completed 200 OK in 1ms (Views: 0.1ms | ActiveRecord: 0.0ms)


Started GET "/vending_machine/what_can_i_buy?utf8=%E2%9C%93&money_left=&price_tags=&commit=what%20can%20I%20buy%3F" for ::1 at 2022-03-19 14:23:28 +0800
Processing by VendingMachineController#what_can_i_buy as JS
  Parameters: {"utf8"=>"✓", "money_left"=>"", "price_tags"=>"", "commit"=>"what can I buy?"}
Completed 200 OK in 1ms (Views: 0.2ms | ActiveRecord: 0.0ms)


Started GET "/vending_machine/what_can_i_buy?utf8=%E2%9C%93&money_left=&price_tags=&commit=what%20can%20I%20buy%3F" for ::1 at 2022-03-19 14:23:28 +0800
Processing by VendingMachineController#what_can_i_buy as JS
  Parameters: {"utf8"=>"✓", "money_left"=>"", "price_tags"=>"", "commit"=>"what can I buy?"}
Completed 200 OK in 0ms (Views: 0.1ms | ActiveRecord: 0.0ms)


Started GET "/vending_machine/what_can_i_buy?utf8=%E2%9C%93&money_left=&price_tags=&commit=what%20can%20I%20buy%3F" for ::1 at 2022-03-19 14:23:30 +0800
Processing by VendingMachineController#what_can_i_buy as JS
  Parameters: {"utf8"=>"✓", "money_left"=>"", "price_tags"=>"", "commit"=>"what can I buy?"}
Completed 200 OK in 1ms (Views: 0.1ms | ActiveRecord: 0.0ms)


Started GET "/vending_machine/what_can_i_buy?utf8=%E2%9C%93&money_left=&price_tags=&commit=what%20can%20I%20buy%3F" for ::1 at 2022-03-19 14:23:30 +0800
Processing by VendingMachineController#what_can_i_buy as JS
  Parameters: {"utf8"=>"✓", "money_left"=>"", "price_tags"=>"", "commit"=>"what can I buy?"}
Completed 200 OK in 1ms (Views: 0.1ms | ActiveRecord: 0.0ms)


Started GET "/vending_machine/what_can_i_buy?utf8=%E2%9C%93&money_left=&price_tags=&commit=what%20can%20I%20buy%3F" for ::1 at 2022-03-19 14:23:30 +0800
Processing by VendingMachineController#what_can_i_buy as JS
  Parameters: {"utf8"=>"✓", "money_left"=>"", "price_tags"=>"", "commit"=>"what can I buy?"}
Completed 200 OK in 1ms (Views: 0.4ms | ActiveRecord: 0.0ms)


Started GET "/vending_machine/what_can_i_buy?utf8=%E2%9C%93&money_left=&price_tags=&commit=what%20can%20I%20buy%3F" for ::1 at 2022-03-19 14:23:30 +0800
Processing by VendingMachineController#what_can_i_buy as JS
  Parameters: {"utf8"=>"✓", "money_left"=>"", "price_tags"=>"", "commit"=>"what can I buy?"}
Completed 200 OK in 1ms (Views: 0.2ms | ActiveRecord: 0.0ms)


Started GET "/vending_machine/index" for ::1 at 2022-03-19 14:23:47 +0800
Processing by VendingMachineController#index as HTML
  Rendering vending_machine/index.html.erb within layouts/application
  Rendered vending_machine/index.html.erb within layouts/application (1.4ms)
Completed 200 OK in 149ms (Views: 146.4ms | ActiveRecord: 0.0ms)


Started GET "/vending_machine/index" for ::1 at 2022-03-19 14:23:47 +0800
Processing by VendingMachineController#index as HTML
  Rendering vending_machine/index.html.erb within layouts/application
  Rendered vending_machine/index.html.erb within layouts/application (1.5ms)
Completed 200 OK in 19ms (Views: 17.2ms | ActiveRecord: 0.0ms)


Started GET "/vending_machine/index" for ::1 at 2022-03-19 14:23:48 +0800
Processing by VendingMachineController#index as HTML
  Rendering vending_machine/index.html.erb within layouts/application
  Rendered vending_machine/index.html.erb within layouts/application (1.2ms)
Completed 200 OK in 25ms (Views: 22.5ms | ActiveRecord: 0.0ms)


Started GET "/vending_machine/what_can_i_buy?utf8=%E2%9C%93&money_left=&price_tags=&commit=what%20can%20I%20buy%3F" for ::1 at 2022-03-19 14:23:48 +0800
Processing by VendingMachineController#what_can_i_buy as JS
  Parameters: {"utf8"=>"✓", "money_left"=>"", "price_tags"=>"", "commit"=>"what can I buy?"}
Completed 200 OK in 1ms (Views: 0.2ms | ActiveRecord: 0.0ms)


Started GET "/vending_machine/what_can_i_buy?utf8=%E2%9C%93&money_left=&price_tags=&commit=what%20can%20I%20buy%3F" for ::1 at 2022-03-19 14:23:49 +0800
Processing by VendingMachineController#what_can_i_buy as JS
  Parameters: {"utf8"=>"✓", "money_left"=>"", "price_tags"=>"", "commit"=>"what can I buy?"}
Completed 200 OK in 1ms (Views: 0.3ms | ActiveRecord: 0.0ms)


Started GET "/vending_machine/what_can_i_buy?utf8=%E2%9C%93&money_left=&price_tags=&commit=what%20can%20I%20buy%3F" for ::1 at 2022-03-19 14:23:49 +0800
Processing by VendingMachineController#what_can_i_buy as JS
  Parameters: {"utf8"=>"✓", "money_left"=>"", "price_tags"=>"", "commit"=>"what can I buy?"}
Completed 200 OK in 1ms (Views: 0.2ms | ActiveRecord: 0.0ms)


Started GET "/vending_machine/what_can_i_buy?utf8=%E2%9C%93&money_left=&price_tags=&commit=what%20can%20I%20buy%3F" for ::1 at 2022-03-19 14:23:49 +0800
Processing by VendingMachineController#what_can_i_buy as JS
  Parameters: {"utf8"=>"✓", "money_left"=>"", "price_tags"=>"", "commit"=>"what can I buy?"}
Completed 200 OK in 1ms (Views: 0.2ms | ActiveRecord: 0.0ms)


Started GET "/vending_machine/what_can_i_buy?utf8=%E2%9C%93&money_left=&price_tags=&commit=what%20can%20I%20buy%3F" for ::1 at 2022-03-19 14:23:49 +0800
Processing by VendingMachineController#what_can_i_buy as JS
  Parameters: {"utf8"=>"✓", "money_left"=>"", "price_tags"=>"", "commit"=>"what can I buy?"}
Completed 200 OK in 1ms (Views: 0.2ms | ActiveRecord: 0.0ms)


Started GET "/vending_machine/what_can_i_buy?utf8=%E2%9C%93&money_left=&price_tags=&commit=what%20can%20I%20buy%3F" for ::1 at 2022-03-19 14:23:55 +0800
Processing by VendingMachineController#what_can_i_buy as JS
  Parameters: {"utf8"=>"✓", "money_left"=>"", "price_tags"=>"", "commit"=>"what can I buy?"}
Completed 200 OK in 1ms (Views: 0.1ms | ActiveRecord: 0.0ms)


Started GET "/vending_machine/what_can_i_buy?utf8=%E2%9C%93&money_left=&price_tags=&commit=what%20can%20I%20buy%3F" for ::1 at 2022-03-19 14:23:55 +0800
Processing by VendingMachineController#what_can_i_buy as JS
  Parameters: {"utf8"=>"✓", "money_left"=>"", "price_tags"=>"", "commit"=>"what can I buy?"}
Completed 200 OK in 1ms (Views: 0.2ms | ActiveRecord: 0.0ms)


Started GET "/vending_machine/what_can_i_buy?utf8=%E2%9C%93&money_left=&price_tags=&commit=what%20can%20I%20buy%3F" for ::1 at 2022-03-19 14:23:55 +0800
Processing by VendingMachineController#what_can_i_buy as JS
  Parameters: {"utf8"=>"✓", "money_left"=>"", "price_tags"=>"", "commit"=>"what can I buy?"}
Completed 200 OK in 1ms (Views: 0.2ms | ActiveRecord: 0.0ms)


Started GET "/vending_machine/index" for ::1 at 2022-03-19 14:24:59 +0800
Processing by VendingMachineController#index as HTML
  Rendering vending_machine/index.html.erb within layouts/application
  Rendered vending_machine/index.html.erb within layouts/application (1.5ms)
Completed 200 OK in 17ms (Views: 15.2ms | ActiveRecord: 0.0ms)


Started GET "/vending_machine/what_can_i_buy?utf8=%E2%9C%93&money_left=&price_tags=&commit=what%20can%20I%20buy%3F" for ::1 at 2022-03-19 14:25:00 +0800
Processing by VendingMachineController#what_can_i_buy as JS
  Parameters: {"utf8"=>"✓", "money_left"=>"", "price_tags"=>"", "commit"=>"what can I buy?"}
Completed 200 OK in 1ms (Views: 0.2ms | ActiveRecord: 0.0ms)


Started GET "/vending_machine/what_can_i_buy?utf8=%E2%9C%93&money_left=&price_tags=&commit=what%20can%20I%20buy%3F" for ::1 at 2022-03-19 14:25:00 +0800
Processing by VendingMachineController#what_can_i_buy as JS
  Parameters: {"utf8"=>"✓", "money_left"=>"", "price_tags"=>"", "commit"=>"what can I buy?"}
Completed 200 OK in 0ms (Views: 0.1ms | ActiveRecord: 0.0ms)


Started GET "/vending_machine/what_can_i_buy?utf8=%E2%9C%93&money_left=&price_tags=&commit=what%20can%20I%20buy%3F" for ::1 at 2022-03-19 14:25:00 +0800
Processing by VendingMachineController#what_can_i_buy as JS
  Parameters: {"utf8"=>"✓", "money_left"=>"", "price_tags"=>"", "commit"=>"what can I buy?"}
Completed 200 OK in 1ms (Views: 0.2ms | ActiveRecord: 0.0ms)


Started GET "/vending_machine/what_can_i_buy?utf8=%E2%9C%93&money_left=&price_tags=&commit=what%20can%20I%20buy%3F" for ::1 at 2022-03-19 14:25:00 +0800
Processing by VendingMachineController#what_can_i_buy as JS
  Parameters: {"utf8"=>"✓", "money_left"=>"", "price_tags"=>"", "commit"=>"what can I buy?"}
Completed 200 OK in 1ms (Views: 0.1ms | ActiveRecord: 0.0ms)


Started GET "/vending_machine/index" for ::1 at 2022-03-19 14:28:25 +0800
Processing by VendingMachineController#index as HTML
  Rendering vending_machine/index.html.erb within layouts/application
  Rendered vending_machine/index.html.erb within layouts/application (1.1ms)
Completed 200 OK in 25ms (Views: 22.7ms | ActiveRecord: 0.0ms)


Started GET "/vending_machine/what_can_i_buy?utf8=%E2%9C%93&money_left=&price_tags=&commit=what%20can%20I%20buy%3F" for ::1 at 2022-03-19 14:28:26 +0800
Processing by VendingMachineController#what_can_i_buy as JS
  Parameters: {"utf8"=>"✓", "money_left"=>"", "price_tags"=>"", "commit"=>"what can I buy?"}
Completed 200 OK in 1ms (Views: 0.2ms | ActiveRecord: 0.0ms)


Started GET "/vending_machine/index" for ::1 at 2022-03-19 14:29:12 +0800
Processing by VendingMachineController#index as HTML
  Rendering vending_machine/index.html.erb within layouts/application
  Rendered vending_machine/index.html.erb within layouts/application (1.0ms)
Completed 200 OK in 22ms (Views: 20.2ms | ActiveRecord: 0.0ms)


Started GET "/vending_machine/what_can_i_buy?utf8=%E2%9C%93&money_left=&price_tags=&commit=what%20can%20I%20buy%3F" for ::1 at 2022-03-19 14:29:13 +0800
Processing by VendingMachineController#what_can_i_buy as JS
  Parameters: {"utf8"=>"✓", "money_left"=>"", "price_tags"=>"", "commit"=>"what can I buy?"}
Completed 200 OK in 1ms (Views: 0.1ms | ActiveRecord: 0.0ms)


Started GET "/vending_machine/index" for ::1 at 2022-03-19 14:30:40 +0800
Processing by VendingMachineController#index as HTML
  Rendering vending_machine/index.html.erb within layouts/application
  Rendered vending_machine/index.html.erb within layouts/application (1.0ms)
Completed 200 OK in 23ms (Views: 21.1ms | ActiveRecord: 0.0ms)


Started GET "/vending_machine/what_can_i_buy?utf8=%E2%9C%93&money_left=&price_tags=&commit=what%20can%20I%20buy%3F" for ::1 at 2022-03-19 14:30:41 +0800
Processing by VendingMachineController#what_can_i_buy as JS
  Parameters: {"utf8"=>"✓", "money_left"=>"", "price_tags"=>"", "commit"=>"what can I buy?"}
Completed 500 Internal Server Error in 4ms (ActiveRecord: 0.0ms)


  
ActionView::MissingTemplate (Missing template vending_machine/asfd, application/asfd with {:locale=>[:en], :formats=>[:js, :html], :variants=>[], :handlers=>[:raw, :erb, :html, :builder, :ruby, :coffee, :jbuilder]}. Searched in:
  * "/Users/samli/Projects/vending-machine-dp/vending/app/views"
):
  
app/controllers/vending_machine_controller.rb:16:in `block (2 levels) in what_can_i_buy'
app/controllers/vending_machine_controller.rb:6:in `what_can_i_buy'
Started GET "/vending_machine/index" for ::1 at 2022-03-19 14:31:32 +0800
Processing by VendingMachineController#index as HTML
  Rendering vending_machine/index.html.erb within layouts/application
  Rendered vending_machine/index.html.erb within layouts/application (1.2ms)
Completed 200 OK in 31ms (Views: 28.7ms | ActiveRecord: 0.0ms)


Started GET "/vending_machine/what_can_i_buy?utf8=%E2%9C%93&money_left=&price_tags=&commit=what%20can%20I%20buy%3F" for ::1 at 2022-03-19 14:31:33 +0800
Processing by VendingMachineController#what_can_i_buy as JS
  Parameters: {"utf8"=>"✓", "money_left"=>"", "price_tags"=>"", "commit"=>"what can I buy?"}
Completed 500 Internal Server Error in 3ms (ActiveRecord: 0.0ms)


  
ActionView::MissingTemplate (Missing template vending_machine/asfd, application/asfd with {:locale=>[:en], :formats=>[:json], :variants=>[], :handlers=>[:raw, :erb, :html, :builder, :ruby, :coffee, :jbuilder]}. Searched in:
  * "/Users/samli/Projects/vending-machine-dp/vending/app/views"
):
  
app/controllers/vending_machine_controller.rb:16:in `block (2 levels) in what_can_i_buy'
app/controllers/vending_machine_controller.rb:6:in `what_can_i_buy'
Started GET "/vending_machine/index" for ::1 at 2022-03-19 14:31:48 +0800
Processing by VendingMachineController#index as HTML
  Rendering vending_machine/index.html.erb within layouts/application
  Rendered vending_machine/index.html.erb within layouts/application (1.1ms)
Completed 200 OK in 21ms (Views: 20.1ms | ActiveRecord: 0.0ms)


Started GET "/vending_machine/what_can_i_buy?utf8=%E2%9C%93&money_left=&price_tags=&commit=what%20can%20I%20buy%3F" for ::1 at 2022-03-19 14:31:49 +0800
Processing by VendingMachineController#what_can_i_buy as JS
  Parameters: {"utf8"=>"✓", "money_left"=>"", "price_tags"=>"", "commit"=>"what can I buy?"}
Completed 200 OK in 1ms (Views: 0.2ms | ActiveRecord: 0.0ms)


Started GET "/vending_machine/what_can_i_buy?utf8=%E2%9C%93&money_left=&price_tags=&commit=what%20can%20I%20buy%3F" for ::1 at 2022-03-19 14:31:49 +0800
Processing by VendingMachineController#what_can_i_buy as JS
  Parameters: {"utf8"=>"✓", "money_left"=>"", "price_tags"=>"", "commit"=>"what can I buy?"}
Completed 200 OK in 1ms (Views: 0.1ms | ActiveRecord: 0.0ms)


Started GET "/vending_machine/what_can_i_buy?utf8=%E2%9C%93&money_left=&price_tags=&commit=what%20can%20I%20buy%3F" for ::1 at 2022-03-19 14:31:50 +0800
Processing by VendingMachineController#what_can_i_buy as JS
  Parameters: {"utf8"=>"✓", "money_left"=>"", "price_tags"=>"", "commit"=>"what can I buy?"}
Completed 200 OK in 1ms (Views: 0.1ms | ActiveRecord: 0.0ms)


Started GET "/vending_machine/what_can_i_buy?utf8=%E2%9C%93&money_left=&price_tags=&commit=what%20can%20I%20buy%3F" for ::1 at 2022-03-19 14:31:50 +0800
Processing by VendingMachineController#what_can_i_buy as JS
  Parameters: {"utf8"=>"✓", "money_left"=>"", "price_tags"=>"", "commit"=>"what can I buy?"}
Completed 200 OK in 0ms (Views: 0.1ms | ActiveRecord: 0.0ms)


Started GET "/vending_machine/what_can_i_buy?utf8=%E2%9C%93&money_left=&price_tags=&commit=what%20can%20I%20buy%3F" for ::1 at 2022-03-19 14:31:50 +0800
Processing by VendingMachineController#what_can_i_buy as JS
  Parameters: {"utf8"=>"✓", "money_left"=>"", "price_tags"=>"", "commit"=>"what can I buy?"}
Completed 200 OK in 1ms (Views: 0.2ms | ActiveRecord: 0.0ms)


Started GET "/vending_machine/what_can_i_buy?utf8=%E2%9C%93&money_left=&price_tags=&commit=what%20can%20I%20buy%3F" for ::1 at 2022-03-19 14:31:50 +0800
Processing by VendingMachineController#what_can_i_buy as JS
  Parameters: {"utf8"=>"✓", "money_left"=>"", "price_tags"=>"", "commit"=>"what can I buy?"}
Completed 200 OK in 0ms (Views: 0.1ms | ActiveRecord: 0.0ms)


Started GET "/vending_machine/what_can_i_buy?utf8=%E2%9C%93&money_left=&price_tags=&commit=what%20can%20I%20buy%3F" for ::1 at 2022-03-19 14:31:51 +0800
Processing by VendingMachineController#what_can_i_buy as JS
  Parameters: {"utf8"=>"✓", "money_left"=>"", "price_tags"=>"", "commit"=>"what can I buy?"}
Completed 200 OK in 1ms (Views: 0.2ms | ActiveRecord: 0.0ms)


Started GET "/vending_machine/what_can_i_buy?utf8=%E2%9C%93&money_left=&price_tags=&commit=what%20can%20I%20buy%3F" for ::1 at 2022-03-19 14:31:51 +0800
Processing by VendingMachineController#what_can_i_buy as JS
  Parameters: {"utf8"=>"✓", "money_left"=>"", "price_tags"=>"", "commit"=>"what can I buy?"}
Completed 200 OK in 1ms (Views: 0.1ms | ActiveRecord: 0.0ms)


Started GET "/vending_machine/what_can_i_buy?utf8=%E2%9C%93&money_left=&price_tags=&commit=what%20can%20I%20buy%3F" for ::1 at 2022-03-19 14:31:52 +0800
Processing by VendingMachineController#what_can_i_buy as JS
  Parameters: {"utf8"=>"✓", "money_left"=>"", "price_tags"=>"", "commit"=>"what can I buy?"}
Completed 200 OK in 1ms (Views: 0.3ms | ActiveRecord: 0.0ms)


Started GET "/vending_machine/what_can_i_buy?utf8=%E2%9C%93&money_left=&price_tags=&commit=what%20can%20I%20buy%3F" for ::1 at 2022-03-19 14:31:52 +0800
Processing by VendingMachineController#what_can_i_buy as JS
  Parameters: {"utf8"=>"✓", "money_left"=>"", "price_tags"=>"", "commit"=>"what can I buy?"}
Completed 200 OK in 0ms (Views: 0.1ms | ActiveRecord: 0.0ms)


Started GET "/vending_machine/what_can_i_buy?utf8=%E2%9C%93&money_left=&price_tags=&commit=what%20can%20I%20buy%3F" for ::1 at 2022-03-19 14:31:52 +0800
Processing by VendingMachineController#what_can_i_buy as JS
  Parameters: {"utf8"=>"✓", "money_left"=>"", "price_tags"=>"", "commit"=>"what can I buy?"}
Completed 200 OK in 1ms (Views: 0.1ms | ActiveRecord: 0.0ms)


Started GET "/vending_machine/what_can_i_buy?utf8=%E2%9C%93&money_left=&price_tags=&commit=what%20can%20I%20buy%3F" for ::1 at 2022-03-19 14:31:53 +0800
Processing by VendingMachineController#what_can_i_buy as JS
  Parameters: {"utf8"=>"✓", "money_left"=>"", "price_tags"=>"", "commit"=>"what can I buy?"}
Completed 200 OK in 1ms (Views: 0.3ms | ActiveRecord: 0.0ms)


Started GET "/vending_machine/what_can_i_buy?utf8=%E2%9C%93&money_left=&price_tags=&commit=what%20can%20I%20buy%3F" for ::1 at 2022-03-19 14:31:53 +0800
Processing by VendingMachineController#what_can_i_buy as JS
  Parameters: {"utf8"=>"✓", "money_left"=>"", "price_tags"=>"", "commit"=>"what can I buy?"}
Completed 200 OK in 1ms (Views: 0.1ms | ActiveRecord: 0.0ms)


Started GET "/vending_machine/what_can_i_buy?utf8=%E2%9C%93&money_left=&price_tags=&commit=what%20can%20I%20buy%3F" for ::1 at 2022-03-19 14:32:21 +0800
  
SyntaxError (/Users/samli/Projects/vending-machine-dp/vending/app/controllers/vending_machine_controller.rb:11: syntax error, unexpected tIDENTIFIER, expecting keyword_end
      ans = []d
              ^
/Users/samli/Projects/vending-machine-dp/vending/app/controllers/vending_machine_controller.rb:39: syntax error, unexpected keyword_end, expecting end-of-input):
  
app/controllers/vending_machine_controller.rb:11: syntax error, unexpected tIDENTIFIER, expecting keyword_end
app/controllers/vending_machine_controller.rb:39: syntax error, unexpected keyword_end, expecting end-of-input
Started GET "/vending_machine/what_can_i_buy?utf8=%E2%9C%93&money_left=&price_tags=&commit=what%20can%20I%20buy%3F" for ::1 at 2022-03-19 14:32:36 +0800
Processing by VendingMachineController#what_can_i_buy as JS
  Parameters: {"utf8"=>"✓", "money_left"=>"", "price_tags"=>"", "commit"=>"what can I buy?"}
Completed 200 OK in 1ms (Views: 0.1ms | ActiveRecord: 0.0ms)


Started GET "/vending_machine/what_can_i_buy?utf8=%E2%9C%93&money_left=&price_tags=&commit=what%20can%20I%20buy%3F" for ::1 at 2022-03-19 14:32:36 +0800
Processing by VendingMachineController#what_can_i_buy as JS
  Parameters: {"utf8"=>"✓", "money_left"=>"", "price_tags"=>"", "commit"=>"what can I buy?"}
Completed 200 OK in 1ms (Views: 0.2ms | ActiveRecord: 0.0ms)


Started GET "/vending_machine/what_can_i_buy?utf8=%E2%9C%93&money_left=&price_tags=&commit=what%20can%20I%20buy%3F" for ::1 at 2022-03-19 14:32:38 +0800
Processing by VendingMachineController#what_can_i_buy as JS
  Parameters: {"utf8"=>"✓", "money_left"=>"", "price_tags"=>"", "commit"=>"what can I buy?"}
Completed 200 OK in 1ms (Views: 0.2ms | ActiveRecord: 0.0ms)


Started GET "/vending_machine/what_can_i_buy?utf8=%E2%9C%93&money_left=&price_tags=&commit=what%20can%20I%20buy%3F" for ::1 at 2022-03-19 14:32:38 +0800
Processing by VendingMachineController#what_can_i_buy as JS
  Parameters: {"utf8"=>"✓", "money_left"=>"", "price_tags"=>"", "commit"=>"what can I buy?"}
Completed 200 OK in 1ms (Views: 0.1ms | ActiveRecord: 0.0ms)


Started GET "/vending_machine/index" for ::1 at 2022-03-19 14:33:08 +0800
Processing by VendingMachineController#index as HTML
  Rendering vending_machine/index.html.erb within layouts/application
  Rendered vending_machine/index.html.erb within layouts/application (1.1ms)
Completed 200 OK in 22ms (Views: 19.7ms | ActiveRecord: 0.0ms)


Started GET "/vending_machine/what_can_i_buy?utf8=%E2%9C%93&money_left=&price_tags=&commit=what%20can%20I%20buy%3F" for ::1 at 2022-03-19 14:33:09 +0800
Processing by VendingMachineController#what_can_i_buy as JS
  Parameters: {"utf8"=>"✓", "money_left"=>"", "price_tags"=>"", "commit"=>"what can I buy?"}
幹幹幹 #<ActionController::MimeResponds::Collector:0x00007fef2637bd70>
Completed 200 OK in 1ms (Views: 0.1ms | ActiveRecord: 0.0ms)


Started GET "/vending_machine/what_can_i_buy?utf8=%E2%9C%93&money_left=&price_tags=&commit=what%20can%20I%20buy%3F" for ::1 at 2022-03-19 14:33:09 +0800
Processing by VendingMachineController#what_can_i_buy as JS
  Parameters: {"utf8"=>"✓", "money_left"=>"", "price_tags"=>"", "commit"=>"what can I buy?"}
幹幹幹 #<ActionController::MimeResponds::Collector:0x00007fef2706c8e0>
Completed 200 OK in 1ms (Views: 0.2ms | ActiveRecord: 0.0ms)


Started GET "/vending_machine/what_can_i_buy?utf8=%E2%9C%93&money_left=&price_tags=&commit=what%20can%20I%20buy%3F" for ::1 at 2022-03-19 14:33:09 +0800
Processing by VendingMachineController#what_can_i_buy as JS
  Parameters: {"utf8"=>"✓", "money_left"=>"", "price_tags"=>"", "commit"=>"what can I buy?"}
幹幹幹 #<ActionController::MimeResponds::Collector:0x00007fef2cb81230>
Completed 200 OK in 1ms (Views: 0.2ms | ActiveRecord: 0.0ms)


Started GET "/vending_machine/index" for ::1 at 2022-03-19 14:35:59 +0800
Processing by VendingMachineController#index as HTML
  Rendering vending_machine/index.html.erb within layouts/application
  Rendered vending_machine/index.html.erb within layouts/application (1.0ms)
Completed 200 OK in 28ms (Views: 26.1ms | ActiveRecord: 0.0ms)


Started GET "/vending_machine/what_can_i_buy?utf8=%E2%9C%93&money_left=&price_tags=&commit=what%20can%20I%20buy%3F" for ::1 at 2022-03-19 14:36:00 +0800
Processing by VendingMachineController#what_can_i_buy as JS
  Parameters: {"utf8"=>"✓", "money_left"=>"", "price_tags"=>"", "commit"=>"what can I buy?"}
Completed 200 OK in 1ms (Views: 0.1ms | ActiveRecord: 0.0ms)


Started GET "/vending_machine/what_can_i_buy?utf8=%E2%9C%93&money_left=&price_tags=&commit=what%20can%20I%20buy%3F" for ::1 at 2022-03-19 14:36:01 +0800
Processing by VendingMachineController#what_can_i_buy as JS
  Parameters: {"utf8"=>"✓", "money_left"=>"", "price_tags"=>"", "commit"=>"what can I buy?"}
Completed 200 OK in 1ms (Views: 0.1ms | ActiveRecord: 0.0ms)


Started GET "/vending_machine/what_can_i_buy?utf8=%E2%9C%93&money_left=&price_tags=&commit=what%20can%20I%20buy%3F" for ::1 at 2022-03-19 14:36:15 +0800
Processing by VendingMachineController#what_can_i_buy as JS
  Parameters: {"utf8"=>"✓", "money_left"=>"", "price_tags"=>"", "commit"=>"what can I buy?"}
Completed 200 OK in 2ms (Views: 0.1ms | ActiveRecord: 0.0ms)


Started GET "/vending_machine/what_can_i_buy?utf8=%E2%9C%93&money_left=&price_tags=&commit=what%20can%20I%20buy%3F" for ::1 at 2022-03-19 14:36:16 +0800
Processing by VendingMachineController#what_can_i_buy as JS
  Parameters: {"utf8"=>"✓", "money_left"=>"", "price_tags"=>"", "commit"=>"what can I buy?"}
Completed 200 OK in 1ms (Views: 0.2ms | ActiveRecord: 0.0ms)


Started GET "/vending_machine/what_can_i_buy?utf8=%E2%9C%93&money_left=&price_tags=&commit=what%20can%20I%20buy%3F" for ::1 at 2022-03-19 14:36:16 +0800
Processing by VendingMachineController#what_can_i_buy as JS
  Parameters: {"utf8"=>"✓", "money_left"=>"", "price_tags"=>"", "commit"=>"what can I buy?"}
Completed 200 OK in 0ms (Views: 0.1ms | ActiveRecord: 0.0ms)


Started GET "/vending_machine/what_can_i_buy?utf8=%E2%9C%93&money_left=asdfsda&price_tags=asdfasdf&commit=what%20can%20I%20buy%3F" for ::1 at 2022-03-19 14:36:26 +0800
Processing by VendingMachineController#what_can_i_buy as JS
  Parameters: {"utf8"=>"✓", "money_left"=>"asdfsda", "price_tags"=>"asdfasdf", "commit"=>"what can I buy?"}
Completed 200 OK in 1ms (Views: 0.2ms | ActiveRecord: 0.0ms)


Started GET "/vending_machine/what_can_i_buy?utf8=%E2%9C%93&money_left=asdfsda&price_tags=asdfasdf&commit=what%20can%20I%20buy%3F" for ::1 at 2022-03-19 14:37:07 +0800
Processing by VendingMachineController#what_can_i_buy as JS
  Parameters: {"utf8"=>"✓", "money_left"=>"asdfsda", "price_tags"=>"asdfasdf", "commit"=>"what can I buy?"}
Completed 200 OK in 1ms (Views: 0.1ms | ActiveRecord: 0.0ms)


Started GET "/vending_machine/what_can_i_buy?utf8=%E2%9C%93&money_left=asdfsda&price_tags=asdfasdf&commit=what%20can%20I%20buy%3F" for ::1 at 2022-03-19 14:37:07 +0800
Processing by VendingMachineController#what_can_i_buy as JS
  Parameters: {"utf8"=>"✓", "money_left"=>"asdfsda", "price_tags"=>"asdfasdf", "commit"=>"what can I buy?"}
Completed 200 OK in 1ms (Views: 0.2ms | ActiveRecord: 0.0ms)


Started GET "/vending_machine/what_can_i_buy?utf8=%E2%9C%93&money_left=asdfsda&price_tags=asdfasdf&commit=what%20can%20I%20buy%3F" for ::1 at 2022-03-19 14:37:08 +0800
Processing by VendingMachineController#what_can_i_buy as JS
  Parameters: {"utf8"=>"✓", "money_left"=>"asdfsda", "price_tags"=>"asdfasdf", "commit"=>"what can I buy?"}
Completed 200 OK in 1ms (Views: 0.2ms | ActiveRecord: 0.0ms)


Started GET "/vending_machine/index" for ::1 at 2022-03-19 14:38:04 +0800
Processing by VendingMachineController#index as HTML
  Rendering vending_machine/index.html.erb within layouts/application
  Rendered vending_machine/index.html.erb within layouts/application (7.9ms)
Completed 200 OK in 489ms (Views: 486.8ms | ActiveRecord: 0.0ms)


Started GET "/vending_machine/index" for ::1 at 2022-03-19 14:38:15 +0800
Processing by VendingMachineController#index as HTML
  Rendering vending_machine/index.html.erb within layouts/application
  Rendered vending_machine/index.html.erb within layouts/application (1.5ms)
Completed 200 OK in 151ms (Views: 149.2ms | ActiveRecord: 0.0ms)


Started GET "/vending_machine/index" for ::1 at 2022-03-19 14:38:15 +0800
Processing by VendingMachineController#index as HTML
  Rendering vending_machine/index.html.erb within layouts/application
  Rendered vending_machine/index.html.erb within layouts/application (2.1ms)
Completed 200 OK in 22ms (Views: 20.1ms | ActiveRecord: 0.0ms)


Started GET "/vending_machine/what_can_i_buy?utf8=%E2%9C%93&money_left=&price_tags=&commit=what%20can%20I%20buy%3F" for ::1 at 2022-03-19 14:38:16 +0800
Processing by VendingMachineController#what_can_i_buy as JS
  Parameters: {"utf8"=>"✓", "money_left"=>"", "price_tags"=>"", "commit"=>"what can I buy?"}
Completed 200 OK in 1ms (Views: 0.3ms | ActiveRecord: 0.0ms)


Started GET "/vending_machine/what_can_i_buy?utf8=%E2%9C%93&money_left=&price_tags=&commit=what%20can%20I%20buy%3F" for ::1 at 2022-03-19 14:38:17 +0800
Processing by VendingMachineController#what_can_i_buy as JS
  Parameters: {"utf8"=>"✓", "money_left"=>"", "price_tags"=>"", "commit"=>"what can I buy?"}
Completed 200 OK in 1ms (Views: 0.1ms | ActiveRecord: 0.0ms)


Started GET "/vending_machine/what_can_i_buy?utf8=%E2%9C%93&money_left=&price_tags=&commit=what%20can%20I%20buy%3F" for ::1 at 2022-03-19 14:38:17 +0800
Processing by VendingMachineController#what_can_i_buy as JS
  Parameters: {"utf8"=>"✓", "money_left"=>"", "price_tags"=>"", "commit"=>"what can I buy?"}
Completed 200 OK in 1ms (Views: 0.1ms | ActiveRecord: 0.0ms)


Started GET "/vending_machine/what_can_i_buy?utf8=%E2%9C%93&money_left=&price_tags=&commit=what%20can%20I%20buy%3F" for ::1 at 2022-03-19 14:38:17 +0800
Processing by VendingMachineController#what_can_i_buy as JS
  Parameters: {"utf8"=>"✓", "money_left"=>"", "price_tags"=>"", "commit"=>"what can I buy?"}
Completed 200 OK in 1ms (Views: 0.3ms | ActiveRecord: 0.0ms)


Started GET "/vending_machine/index" for ::1 at 2022-03-19 14:38:30 +0800
Processing by VendingMachineController#index as HTML
  Rendering vending_machine/index.html.erb within layouts/application
  Rendered vending_machine/index.html.erb within layouts/application (1.3ms)
Completed 200 OK in 18ms (Views: 16.3ms | ActiveRecord: 0.0ms)


Started GET "/vending_machine/index" for ::1 at 2022-03-19 14:38:31 +0800
Processing by VendingMachineController#index as HTML
  Rendering vending_machine/index.html.erb within layouts/application
  Rendered vending_machine/index.html.erb within layouts/application (1.1ms)
Completed 200 OK in 21ms (Views: 19.8ms | ActiveRecord: 0.0ms)


Started GET "/vending_machine/what_can_i_buy?utf8=%E2%9C%93&money_left=&price_tags=&commit=what%20can%20I%20buy%3F" for ::1 at 2022-03-19 14:38:32 +0800
Processing by VendingMachineController#what_can_i_buy as JS
  Parameters: {"utf8"=>"✓", "money_left"=>"", "price_tags"=>"", "commit"=>"what can I buy?"}
Completed 200 OK in 1ms (Views: 0.1ms | ActiveRecord: 0.0ms)


Started GET "/vending_machine/index" for ::1 at 2022-03-19 14:38:58 +0800
Processing by VendingMachineController#index as HTML
  Rendering vending_machine/index.html.erb within layouts/application
  Rendered vending_machine/index.html.erb within layouts/application (1.0ms)
Completed 200 OK in 18ms (Views: 17.0ms | ActiveRecord: 0.0ms)


Started GET "/vending_machine/what_can_i_buy?utf8=%E2%9C%93&money_left=&price_tags=&commit=what%20can%20I%20buy%3F" for ::1 at 2022-03-19 14:38:59 +0800
Processing by VendingMachineController#what_can_i_buy as JS
  Parameters: {"utf8"=>"✓", "money_left"=>"", "price_tags"=>"", "commit"=>"what can I buy?"}
Completed 200 OK in 1ms (Views: 0.2ms | ActiveRecord: 0.0ms)


Started GET "/vending_machine/what_can_i_buy?utf8=%E2%9C%93&money_left=&price_tags=&commit=what%20can%20I%20buy%3F" for ::1 at 2022-03-19 14:39:03 +0800
Processing by VendingMachineController#what_can_i_buy as JS
  Parameters: {"utf8"=>"✓", "money_left"=>"", "price_tags"=>"", "commit"=>"what can I buy?"}
Completed 200 OK in 1ms (Views: 0.1ms | ActiveRecord: 0.0ms)


Started GET "/vending_machine/index" for ::1 at 2022-03-19 14:39:21 +0800
Processing by VendingMachineController#index as HTML
  Rendering vending_machine/index.html.erb within layouts/application
  Rendered vending_machine/index.html.erb within layouts/application (1.2ms)
Completed 200 OK in 147ms (Views: 145.9ms | ActiveRecord: 0.0ms)


Started GET "/vending_machine/what_can_i_buy?utf8=%E2%9C%93&money_left=&price_tags=&commit=what%20can%20I%20buy%3F" for ::1 at 2022-03-19 14:39:22 +0800
Processing by VendingMachineController#what_can_i_buy as JS
  Parameters: {"utf8"=>"✓", "money_left"=>"", "price_tags"=>"", "commit"=>"what can I buy?"}
Completed 200 OK in 1ms (Views: 0.2ms | ActiveRecord: 0.0ms)


Started GET "/vending_machine/what_can_i_buy?utf8=%E2%9C%93&money_left=&price_tags=&commit=what%20can%20I%20buy%3F" for ::1 at 2022-03-19 14:39:23 +0800
Processing by VendingMachineController#what_can_i_buy as JS
  Parameters: {"utf8"=>"✓", "money_left"=>"", "price_tags"=>"", "commit"=>"what can I buy?"}
Completed 200 OK in 1ms (Views: 0.2ms | ActiveRecord: 0.0ms)


Started GET "/vending_machine/what_can_i_buy?utf8=%E2%9C%93&money_left=&price_tags=&commit=what%20can%20I%20buy%3F" for ::1 at 2022-03-19 14:39:24 +0800
Processing by VendingMachineController#what_can_i_buy as JS
  Parameters: {"utf8"=>"✓", "money_left"=>"", "price_tags"=>"", "commit"=>"what can I buy?"}
Completed 200 OK in 1ms (Views: 0.2ms | ActiveRecord: 0.0ms)


Started GET "/vending_machine/index" for ::1 at 2022-03-19 14:39:32 +0800
Processing by VendingMachineController#index as HTML
  Rendering vending_machine/index.html.erb within layouts/application
  Rendered vending_machine/index.html.erb within layouts/application (1.5ms)
Completed 200 OK in 142ms (Views: 140.0ms | ActiveRecord: 0.0ms)


Started GET "/vending_machine/what_can_i_buy?utf8=%E2%9C%93&money_left=&price_tags=&commit=what%20can%20I%20buy%3F" for ::1 at 2022-03-19 14:39:34 +0800
Processing by VendingMachineController#what_can_i_buy as JS
  Parameters: {"utf8"=>"✓", "money_left"=>"", "price_tags"=>"", "commit"=>"what can I buy?"}
Completed 200 OK in 1ms (Views: 0.3ms | ActiveRecord: 0.0ms)


Started GET "/vending_machine/what_can_i_buy?utf8=%E2%9C%93&money_left=&price_tags=&commit=what%20can%20I%20buy%3F" for ::1 at 2022-03-19 14:39:35 +0800
Processing by VendingMachineController#what_can_i_buy as JS
  Parameters: {"utf8"=>"✓", "money_left"=>"", "price_tags"=>"", "commit"=>"what can I buy?"}
Completed 200 OK in 1ms (Views: 0.1ms | ActiveRecord: 0.0ms)


Started GET "/vending_machine/index" for ::1 at 2022-03-19 14:39:41 +0800
Processing by VendingMachineController#index as HTML
  Rendering vending_machine/index.html.erb within layouts/application
  Rendered vending_machine/index.html.erb within layouts/application (1.6ms)
Completed 200 OK in 156ms (Views: 154.4ms | ActiveRecord: 0.0ms)


Started GET "/vending_machine/what_can_i_buy?utf8=%E2%9C%93&money_left=&price_tags=&commit=what%20can%20I%20buy%3F" for ::1 at 2022-03-19 14:39:42 +0800
Processing by VendingMachineController#what_can_i_buy as JS
  Parameters: {"utf8"=>"✓", "money_left"=>"", "price_tags"=>"", "commit"=>"what can I buy?"}
Completed 200 OK in 1ms (Views: 0.2ms | ActiveRecord: 0.0ms)


Started GET "/vending_machine/what_can_i_buy?utf8=%E2%9C%93&money_left=&price_tags=&commit=what%20can%20I%20buy%3F" for ::1 at 2022-03-19 14:40:46 +0800
Processing by VendingMachineController#what_can_i_buy as JS
  Parameters: {"utf8"=>"✓", "money_left"=>"", "price_tags"=>"", "commit"=>"what can I buy?"}
Completed 200 OK in 1ms (Views: 0.2ms | ActiveRecord: 0.0ms)


Started GET "/vending_machine/index" for ::1 at 2022-03-19 14:40:47 +0800
Processing by VendingMachineController#index as HTML
  Rendering vending_machine/index.html.erb within layouts/application
  Rendered vending_machine/index.html.erb within layouts/application (1.4ms)
Completed 200 OK in 163ms (Views: 161.6ms | ActiveRecord: 0.0ms)


Started GET "/vending_machine/what_can_i_buy?utf8=%E2%9C%93&money_left=&price_tags=&commit=what%20can%20I%20buy%3F" for ::1 at 2022-03-19 14:40:48 +0800
Processing by VendingMachineController#what_can_i_buy as JS
  Parameters: {"utf8"=>"✓", "money_left"=>"", "price_tags"=>"", "commit"=>"what can I buy?"}
Completed 200 OK in 1ms (Views: 0.3ms | ActiveRecord: 0.0ms)


Started GET "/vending_machine/index" for ::1 at 2022-03-19 14:41:00 +0800
Processing by VendingMachineController#index as HTML
  Rendering vending_machine/index.html.erb within layouts/application
  Rendered vending_machine/index.html.erb within layouts/application (2.2ms)
Completed 200 OK in 162ms (Views: 160.0ms | ActiveRecord: 0.0ms)


Started GET "/vending_machine/what_can_i_buy?utf8=%E2%9C%93&money_left=&price_tags=&commit=what%20can%20I%20buy%3F" for ::1 at 2022-03-19 14:41:01 +0800
Processing by VendingMachineController#what_can_i_buy as JS
  Parameters: {"utf8"=>"✓", "money_left"=>"", "price_tags"=>"", "commit"=>"what can I buy?"}
Completed 200 OK in 1ms (Views: 0.1ms | ActiveRecord: 0.0ms)


Started GET "/vending_machine/index" for ::1 at 2022-03-19 14:43:55 +0800
Processing by VendingMachineController#index as HTML
  Rendering vending_machine/index.html.erb within layouts/application
  Rendered vending_machine/index.html.erb within layouts/application (4.6ms)
Completed 200 OK in 158ms (Views: 155.3ms | ActiveRecord: 0.0ms)


Started GET "/vending_machine/what_can_i_buy?utf8=%E2%9C%93&money_left=&price_tags=&commit=what%20can%20I%20buy%3F" for ::1 at 2022-03-19 14:44:00 +0800
Processing by VendingMachineController#what_can_i_buy as JS
  Parameters: {"utf8"=>"✓", "money_left"=>"", "price_tags"=>"", "commit"=>"what can I buy?"}
Completed 200 OK in 1ms (Views: 0.3ms | ActiveRecord: 0.0ms)


Started GET "/vending_machine/index" for ::1 at 2022-03-19 14:45:08 +0800
Processing by VendingMachineController#index as HTML
  Rendering vending_machine/index.html.erb within layouts/application
  Rendered vending_machine/index.html.erb within layouts/application (1.5ms)
Completed 200 OK in 162ms (Views: 155.7ms | ActiveRecord: 0.0ms)


Started GET "/vending_machine/what_can_i_buy?utf8=%E2%9C%93&money_left=&price_tags=&commit=what%20can%20I%20buy%3F" for ::1 at 2022-03-19 14:45:09 +0800
Processing by VendingMachineController#what_can_i_buy as JS
  Parameters: {"utf8"=>"✓", "money_left"=>"", "price_tags"=>"", "commit"=>"what can I buy?"}
Completed 200 OK in 1ms (Views: 0.2ms | ActiveRecord: 0.0ms)


Started GET "/vending_machine/index" for ::1 at 2022-03-19 14:46:16 +0800
Processing by VendingMachineController#index as HTML
  Rendering vending_machine/index.html.erb within layouts/application
  Rendered vending_machine/index.html.erb within layouts/application (1.3ms)
Completed 200 OK in 156ms (Views: 154.2ms | ActiveRecord: 0.0ms)


Started GET "/vending_machine/what_can_i_buy?utf8=%E2%9C%93&money_left=&price_tags=&commit=what%20can%20I%20buy%3F" for ::1 at 2022-03-19 14:46:17 +0800
Processing by VendingMachineController#what_can_i_buy as JS
  Parameters: {"utf8"=>"✓", "money_left"=>"", "price_tags"=>"", "commit"=>"what can I buy?"}
Completed 200 OK in 1ms (Views: 0.1ms | ActiveRecord: 0.0ms)


Started GET "/vending_machine/what_can_i_buy?utf8=%E2%9C%93&money_left=&price_tags=&commit=what%20can%20I%20buy%3F" for ::1 at 2022-03-19 14:46:18 +0800
Processing by VendingMachineController#what_can_i_buy as JS
  Parameters: {"utf8"=>"✓", "money_left"=>"", "price_tags"=>"", "commit"=>"what can I buy?"}
Completed 200 OK in 1ms (Views: 0.2ms | ActiveRecord: 0.0ms)


Started GET "/vending_machine/what_can_i_buy?utf8=%E2%9C%93&money_left=&price_tags=&commit=what%20can%20I%20buy%3F" for ::1 at 2022-03-19 14:46:19 +0800
Processing by VendingMachineController#what_can_i_buy as JS
  Parameters: {"utf8"=>"✓", "money_left"=>"", "price_tags"=>"", "commit"=>"what can I buy?"}
Completed 200 OK in 1ms (Views: 0.2ms | ActiveRecord: 0.0ms)


Started GET "/vending_machine/index" for ::1 at 2022-03-19 14:49:36 +0800
Processing by VendingMachineController#index as HTML
  Rendering vending_machine/index.html.erb within layouts/application
  Rendered vending_machine/index.html.erb within layouts/application (1.5ms)
Completed 200 OK in 161ms (Views: 158.5ms | ActiveRecord: 0.0ms)


Started GET "/vending_machine/what_can_i_buy?utf8=%E2%9C%93&money_left=&price_tags=&commit=what%20can%20I%20buy%3F" for ::1 at 2022-03-19 14:49:37 +0800
Processing by VendingMachineController#what_can_i_buy as JS
  Parameters: {"utf8"=>"✓", "money_left"=>"", "price_tags"=>"", "commit"=>"what can I buy?"}
Completed 200 OK in 1ms (Views: 0.3ms | ActiveRecord: 0.0ms)


Started GET "/vending_machine/what_can_i_buy?utf8=%E2%9C%93&money_left=&price_tags=&commit=what%20can%20I%20buy%3F" for ::1 at 2022-03-19 14:49:38 +0800
Processing by VendingMachineController#what_can_i_buy as JS
  Parameters: {"utf8"=>"✓", "money_left"=>"", "price_tags"=>"", "commit"=>"what can I buy?"}
Completed 200 OK in 1ms (Views: 0.1ms | ActiveRecord: 0.0ms)


Started GET "/vending_machine/index" for ::1 at 2022-03-19 14:50:01 +0800
Processing by VendingMachineController#index as HTML
  Rendering vending_machine/index.html.erb within layouts/application
  Rendered vending_machine/index.html.erb within layouts/application (1.7ms)
Completed 200 OK in 149ms (Views: 146.6ms | ActiveRecord: 0.0ms)


Started GET "/vending_machine/what_can_i_buy?utf8=%E2%9C%93&money_left=&price_tags=&commit=what%20can%20I%20buy%3F" for ::1 at 2022-03-19 14:50:02 +0800
Processing by VendingMachineController#what_can_i_buy as JS
  Parameters: {"utf8"=>"✓", "money_left"=>"", "price_tags"=>"", "commit"=>"what can I buy?"}
Completed 200 OK in 1ms (Views: 0.1ms | ActiveRecord: 0.0ms)


Started GET "/vending_machine/what_can_i_buy?utf8=%E2%9C%93&money_left=&price_tags=&commit=what%20can%20I%20buy%3F" for ::1 at 2022-03-19 14:50:03 +0800
Processing by VendingMachineController#what_can_i_buy as JS
  Parameters: {"utf8"=>"✓", "money_left"=>"", "price_tags"=>"", "commit"=>"what can I buy?"}
Completed 200 OK in 1ms (Views: 0.1ms | ActiveRecord: 0.0ms)


Started GET "/vending_machine/index" for ::1 at 2022-03-19 14:51:38 +0800
Processing by VendingMachineController#index as HTML
  Rendering vending_machine/index.html.erb within layouts/application
  Rendered vending_machine/index.html.erb within layouts/application (1.5ms)
Completed 200 OK in 162ms (Views: 159.5ms | ActiveRecord: 0.0ms)


Started GET "/vending_machine/what_can_i_buy?utf8=%E2%9C%93&money_left=&price_tags=&commit=what%20can%20I%20buy%3F" for ::1 at 2022-03-19 14:51:39 +0800
Processing by VendingMachineController#what_can_i_buy as JS
  Parameters: {"utf8"=>"✓", "money_left"=>"", "price_tags"=>"", "commit"=>"what can I buy?"}
Completed 200 OK in 1ms (Views: 0.1ms | ActiveRecord: 0.0ms)


Started GET "/vending_machine/what_can_i_buy?utf8=%E2%9C%93&money_left=&price_tags=&commit=what%20can%20I%20buy%3F" for ::1 at 2022-03-19 14:51:40 +0800
Processing by VendingMachineController#what_can_i_buy as JS
  Parameters: {"utf8"=>"✓", "money_left"=>"", "price_tags"=>"", "commit"=>"what can I buy?"}
Completed 200 OK in 1ms (Views: 0.1ms | ActiveRecord: 0.0ms)


Started GET "/vending_machine/what_can_i_buy?utf8=%E2%9C%93&money_left=&price_tags=&commit=what%20can%20I%20buy%3F" for ::1 at 2022-03-19 14:51:41 +0800
Processing by VendingMachineController#what_can_i_buy as JS
  Parameters: {"utf8"=>"✓", "money_left"=>"", "price_tags"=>"", "commit"=>"what can I buy?"}
Completed 200 OK in 1ms (Views: 0.1ms | ActiveRecord: 0.0ms)


Started GET "/vending_machine/what_can_i_buy?utf8=%E2%9C%93&money_left=&price_tags=&commit=what%20can%20I%20buy%3F" for ::1 at 2022-03-19 14:51:42 +0800
Processing by VendingMachineController#what_can_i_buy as JS
  Parameters: {"utf8"=>"✓", "money_left"=>"", "price_tags"=>"", "commit"=>"what can I buy?"}
Completed 200 OK in 0ms (Views: 0.1ms | ActiveRecord: 0.0ms)


Started GET "/vending_machine/what_can_i_buy?utf8=%E2%9C%93&money_left=&price_tags=&commit=what%20can%20I%20buy%3F" for ::1 at 2022-03-19 14:51:42 +0800
Processing by VendingMachineController#what_can_i_buy as JS
  Parameters: {"utf8"=>"✓", "money_left"=>"", "price_tags"=>"", "commit"=>"what can I buy?"}
Completed 200 OK in 1ms (Views: 0.1ms | ActiveRecord: 0.0ms)


Started GET "/vending_machine/what_can_i_buy?utf8=%E2%9C%93&money_left=&price_tags=&commit=what%20can%20I%20buy%3F" for ::1 at 2022-03-19 14:51:42 +0800
Processing by VendingMachineController#what_can_i_buy as JS
  Parameters: {"utf8"=>"✓", "money_left"=>"", "price_tags"=>"", "commit"=>"what can I buy?"}
Completed 200 OK in 1ms (Views: 0.2ms | ActiveRecord: 0.0ms)


Started GET "/vending_machine/what_can_i_buy?utf8=%E2%9C%93&money_left=&price_tags=&commit=what%20can%20I%20buy%3F" for ::1 at 2022-03-19 14:51:42 +0800
Processing by VendingMachineController#what_can_i_buy as JS
  Parameters: {"utf8"=>"✓", "money_left"=>"", "price_tags"=>"", "commit"=>"what can I buy?"}
Completed 200 OK in 1ms (Views: 0.1ms | ActiveRecord: 0.0ms)


Started GET "/vending_machine/what_can_i_buy?utf8=%E2%9C%93&money_left=&price_tags=&commit=what%20can%20I%20buy%3F" for ::1 at 2022-03-19 14:51:43 +0800
Processing by VendingMachineController#what_can_i_buy as JS
  Parameters: {"utf8"=>"✓", "money_left"=>"", "price_tags"=>"", "commit"=>"what can I buy?"}
Completed 200 OK in 1ms (Views: 0.2ms | ActiveRecord: 0.0ms)


Started GET "/vending_machine/index" for ::1 at 2022-03-19 14:54:54 +0800
Processing by VendingMachineController#index as HTML
  Rendering vending_machine/index.html.erb within layouts/application
  Rendered vending_machine/index.html.erb within layouts/application (1.6ms)
Completed 200 OK in 153ms (Views: 150.7ms | ActiveRecord: 0.0ms)


Started GET "/vending_machine/what_can_i_buy?utf8=%E2%9C%93&money_left=&price_tags=&commit=what%20can%20I%20buy%3F" for ::1 at 2022-03-19 14:54:55 +0800
Processing by VendingMachineController#what_can_i_buy as JS
  Parameters: {"utf8"=>"✓", "money_left"=>"", "price_tags"=>"", "commit"=>"what can I buy?"}
Completed 200 OK in 1ms (Views: 0.1ms | ActiveRecord: 0.0ms)


Started GET "/vending_machine/what_can_i_buy?utf8=%E2%9C%93&money_left=&price_tags=&commit=what%20can%20I%20buy%3F" for ::1 at 2022-03-19 14:54:58 +0800
Processing by VendingMachineController#what_can_i_buy as JS
  Parameters: {"utf8"=>"✓", "money_left"=>"", "price_tags"=>"", "commit"=>"what can I buy?"}
Completed 200 OK in 1ms (Views: 0.1ms | ActiveRecord: 0.0ms)


Started GET "/vending_machine/index" for ::1 at 2022-03-19 14:56:50 +0800
Processing by VendingMachineController#index as HTML
  Rendering vending_machine/index.html.erb within layouts/application
  Rendered vending_machine/index.html.erb within layouts/application (1.3ms)
Completed 200 OK in 25ms (Views: 23.5ms | ActiveRecord: 0.0ms)


Started GET "/vending_machine/what_can_i_buy?utf8=%E2%9C%93&money_left=3232&price_tags=2323%2C32%2C324&commit=what%20can%20I%20buy%3F" for ::1 at 2022-03-19 14:57:00 +0800
Processing by VendingMachineController#what_can_i_buy as JS
  Parameters: {"utf8"=>"✓", "money_left"=>"3232", "price_tags"=>"2323,32,324", "commit"=>"what can I buy?"}
Completed 500 Internal Server Error in 52340ms (ActiveRecord: 0.0ms)


  
NoMethodError (undefined method `map' for 3232:Integer
Did you mean?  tap):
  
app/controllers/vending_machine_controller.rb:11:in `what_can_i_buy'
Started GET "/vending_machine/what_can_i_buy?utf8=%E2%9C%93&money_left=3232&price_tags=2323%2C%2032%2C%20324&commit=what%20can%20I%20buy%3F" for ::1 at 2022-03-19 14:57:59 +0800
Processing by VendingMachineController#what_can_i_buy as JS
  Parameters: {"utf8"=>"✓", "money_left"=>"3232", "price_tags"=>"2323, 32, 324", "commit"=>"what can I buy?"}
Completed 500 Internal Server Error in 87657ms (ActiveRecord: 0.0ms)


  
NoMethodError (undefined method `map' for 3232:Integer
Did you mean?  tap):
  
app/controllers/vending_machine_controller.rb:11:in `what_can_i_buy'
Started GET "/vending_machine/what_can_i_buy?utf8=%E2%9C%93&money_left=129&price_tags=24%2C%2021%2C%2037%2C%2033%2C%2028%2C%2050%2C%2052%2C%2019%2C%2030%2C%2014%2C%2027&commit=what%20can%20I%20buy%3F" for ::1 at 2022-03-19 14:59:29 +0800
Processing by VendingMachineController#what_can_i_buy as JS
  Parameters: {"utf8"=>"✓", "money_left"=>"129", "price_tags"=>"24, 21, 37, 33, 28, 50, 52, 19, 30, 14, 27", "commit"=>"what can I buy?"}
Completed 200 OK in 3ms (Views: 0.2ms | ActiveRecord: 0.0ms)


Started GET "/vending_machine/index" for ::1 at 2022-03-19 14:59:51 +0800
Processing by VendingMachineController#index as HTML
  Rendering vending_machine/index.html.erb within layouts/application
  Rendered vending_machine/index.html.erb within layouts/application (1.1ms)
Completed 200 OK in 28ms (Views: 25.5ms | ActiveRecord: 0.0ms)


Started GET "/vending_machine/index" for ::1 at 2022-03-19 15:04:49 +0800
Processing by VendingMachineController#index as HTML
  Rendering vending_machine/index.html.erb within layouts/application
  Rendered vending_machine/index.html.erb within layouts/application (3.8ms)
Completed 200 OK in 35ms (Views: 32.0ms | ActiveRecord: 0.0ms)


Started GET "/vending_machine/what_can_i_buy?utf8=%E2%9C%93&money_left=139&price_tags=&commit=what%20can%20I%20buy%3F" for ::1 at 2022-03-19 15:04:57 +0800
Processing by VendingMachineController#what_can_i_buy as JS
  Parameters: {"utf8"=>"✓", "money_left"=>"139", "price_tags"=>"", "commit"=>"what can I buy?"}
Completed 200 OK in 2ms (Views: 1.0ms | ActiveRecord: 0.0ms)


Started GET "/vending_machine/index" for ::1 at 2022-03-19 15:05:22 +0800
Processing by VendingMachineController#index as HTML
  Rendering vending_machine/index.html.erb within layouts/application
  Rendered vending_machine/index.html.erb within layouts/application (2.5ms)
Completed 200 OK in 23ms (Views: 21.0ms | ActiveRecord: 0.0ms)


Started GET "/vending_machine/what_can_i_buy?utf8=%E2%9C%93&money_left=139&price_tags=14%2C%2019%2C%2021%2C%2024%2C%2027%2C%2028%2C%2030%2C%2033%2C%2037%2C%2050%2C%2052&commit=what%20can%20I%20buy%3F" for ::1 at 2022-03-19 15:05:37 +0800
Processing by VendingMachineController#what_can_i_buy as JS
  Parameters: {"utf8"=>"✓", "money_left"=>"139", "price_tags"=>"14, 19, 21, 24, 27, 28, 30, 33, 37, 50, 52", "commit"=>"what can I buy?"}
Completed 200 OK in 5395ms (Views: 2.5ms | ActiveRecord: 0.0ms)


Started GET "/vending_machine/index" for ::1 at 2022-03-19 15:06:45 +0800
Processing by VendingMachineController#index as HTML
  Rendering vending_machine/index.html.erb within layouts/application
  Rendered vending_machine/index.html.erb within layouts/application (1.7ms)
Completed 200 OK in 25ms (Views: 22.8ms | ActiveRecord: 0.0ms)


Started GET "/vending_machine/what_can_i_buy?utf8=%E2%9C%93&money_left=139&price_tags=14%2C%2019%2C%2021%2C%2024%2C%2027%2C%2028%2C%2030%2C%2033%2C%2037%2C%2050%2C%2052&commit=what%20can%20I%20buy%3F" for ::1 at 2022-03-19 15:06:55 +0800
Processing by VendingMachineController#what_can_i_buy as JS
  Parameters: {"utf8"=>"✓", "money_left"=>"139", "price_tags"=>"14, 19, 21, 24, 27, 28, 30, 33, 37, 50, 52", "commit"=>"what can I buy?"}
Completed 200 OK in 3793ms (Views: 4.7ms | ActiveRecord: 0.0ms)


Started GET "/vending_machine/index" for ::1 at 2022-03-19 15:10:31 +0800
Processing by VendingMachineController#index as HTML
  Rendering vending_machine/index.html.erb within layouts/application
  Rendered vending_machine/index.html.erb within layouts/application (1.7ms)
Completed 200 OK in 191ms (Views: 189.0ms | ActiveRecord: 0.0ms)


Started GET "/vending_machine/what_can_i_buy?utf8=%E2%9C%93&money_left=139&price_tags=14%2C%2019%2C%2021%2C%2024%2C%2027%2C%2028%2C%2030%2C%2033%2C%2037%2C%2050%2C%2052&commit=what%20can%20I%20buy%3F" for ::1 at 2022-03-19 15:10:37 +0800
Processing by VendingMachineController#what_can_i_buy as JS
  Parameters: {"utf8"=>"✓", "money_left"=>"139", "price_tags"=>"14, 19, 21, 24, 27, 28, 30, 33, 37, 50, 52", "commit"=>"what can I buy?"}
Completed 200 OK in 2682ms (Views: 2.3ms | ActiveRecord: 0.0ms)


Started GET "/vending_machine/index" for ::1 at 2022-03-19 15:12:26 +0800
Processing by VendingMachineController#index as HTML
  Rendering vending_machine/index.html.erb within layouts/application
  Rendered vending_machine/index.html.erb within layouts/application (4.8ms)
Completed 200 OK in 183ms (Views: 181.7ms | ActiveRecord: 0.0ms)


Started GET "/vending_machine/what_can_i_buy?utf8=%E2%9C%93&money_left=139&price_tags=14%2C%2019%2C%2021%2C%2024%2C%2027%2C%2028%2C%2030%2C%2033%2C%2037%2C%2050%2C%2052&commit=what%20can%20I%20buy%3F" for ::1 at 2022-03-19 15:12:46 +0800
Processing by VendingMachineController#what_can_i_buy as JS
  Parameters: {"utf8"=>"✓", "money_left"=>"139", "price_tags"=>"14, 19, 21, 24, 27, 28, 30, 33, 37, 50, 52", "commit"=>"what can I buy?"}
Completed 200 OK in 7ms (Views: 2.8ms | ActiveRecord: 0.0ms)


Started GET "/vending_machine/what_can_i_buy?utf8=%E2%9C%93&money_left=139&price_tags=14%2C%2019%2C%2021%2C%2024%2C%2027%2C%2028%2C%2030%2C%2033%2C%2037%2C%2050%2C%2052&commit=what%20can%20I%20buy%3F" for ::1 at 2022-03-19 15:13:04 +0800
Processing by VendingMachineController#what_can_i_buy as JS
  Parameters: {"utf8"=>"✓", "money_left"=>"139", "price_tags"=>"14, 19, 21, 24, 27, 28, 30, 33, 37, 50, 52", "commit"=>"what can I buy?"}
Completed 200 OK in 8ms (Views: 3.0ms | ActiveRecord: 0.0ms)


Started GET "/vending_machine/index" for ::1 at 2022-03-19 15:13:09 +0800
Processing by VendingMachineController#index as HTML
  Rendering vending_machine/index.html.erb within layouts/application
  Rendered vending_machine/index.html.erb within layouts/application (1.7ms)
Completed 200 OK in 151ms (Views: 149.6ms | ActiveRecord: 0.0ms)


Started GET "/vending_machine/what_can_i_buy?utf8=%E2%9C%93&money_left=100&price_tags=14%2C%2019%2C%2021%2C%2024%2C%2027%2C%2028%2C%2030%2C%2033%2C%2037%2C%2050%2C%2052&commit=what%20can%20I%20buy%3F" for ::1 at 2022-03-19 15:13:12 +0800
Processing by VendingMachineController#what_can_i_buy as JS
  Parameters: {"utf8"=>"✓", "money_left"=>"100", "price_tags"=>"14, 19, 21, 24, 27, 28, 30, 33, 37, 50, 52", "commit"=>"what can I buy?"}
Completed 200 OK in 3ms (Views: 0.8ms | ActiveRecord: 0.0ms)


Started GET "/vending_machine/index" for ::1 at 2022-03-19 15:13:30 +0800
Processing by VendingMachineController#index as HTML
  Rendering vending_machine/index.html.erb within layouts/application
  Rendered vending_machine/index.html.erb within layouts/application (1.7ms)
Completed 200 OK in 171ms (Views: 169.5ms | ActiveRecord: 0.0ms)


Started GET "/vending_machine/what_can_i_buy?utf8=%E2%9C%93&money_left=100&price_tags=14%2C%2019%2C%2021%2C%2024%2C%2027%2C%2028%2C%2030%2C%2033%2C%2037%2C%2050%2C%2052&commit=what%20can%20I%20buy%3F" for ::1 at 2022-03-19 15:13:32 +0800
Processing by VendingMachineController#what_can_i_buy as JS
  Parameters: {"utf8"=>"✓", "money_left"=>"100", "price_tags"=>"14, 19, 21, 24, 27, 28, 30, 33, 37, 50, 52", "commit"=>"what can I buy?"}
Completed 200 OK in 2ms (Views: 0.6ms | ActiveRecord: 0.0ms)


Started GET "/vending_machine/what_can_i_buy?utf8=%E2%9C%93&money_left=110&price_tags=14%2C%2019%2C%2021%2C%2024%2C%2027%2C%2028%2C%2030%2C%2033%2C%2037%2C%2050%2C%2052&commit=what%20can%20I%20buy%3F" for ::1 at 2022-03-19 15:30:25 +0800
Processing by VendingMachineController#what_can_i_buy as JS
  Parameters: {"utf8"=>"✓", "money_left"=>"110", "price_tags"=>"14, 19, 21, 24, 27, 28, 30, 33, 37, 50, 52", "commit"=>"what can I buy?"}
Completed 200 OK in 3ms (Views: 0.8ms | ActiveRecord: 0.0ms)


Started GET "/vending_machine/index" for ::1 at 2022-03-19 15:31:37 +0800
Processing by VendingMachineController#index as HTML
  Rendering vending_machine/index.html.erb within layouts/application
  Rendered vending_machine/index.html.erb within layouts/application (5.9ms)
Completed 200 OK in 238ms (Views: 232.1ms | ActiveRecord: 0.0ms)


Started GET "/vending_machine/what_can_i_buy?utf8=%E2%9C%93&money_left=110&price_tags=14%2C%2019%2C%2021%2C%2024%2C%2027%2C%2028%2C%2030%2C%2033%2C%2037%2C%2050%2C%2052&commit=what%20can%20I%20buy%3F" for ::1 at 2022-03-19 15:31:41 +0800
Processing by VendingMachineController#what_can_i_buy as JS
  Parameters: {"utf8"=>"✓", "money_left"=>"110", "price_tags"=>"14, 19, 21, 24, 27, 28, 30, 33, 37, 50, 52", "commit"=>"what can I buy?"}
Completed 200 OK in 3ms (Views: 1.3ms | ActiveRecord: 0.0ms)


Started GET "/vending_machine/index" for ::1 at 2022-03-19 15:32:02 +0800
Processing by VendingMachineController#index as HTML
  Rendering vending_machine/index.html.erb within layouts/application
  Rendered vending_machine/index.html.erb within layouts/application (6.2ms)
Completed 200 OK in 267ms (Views: 264.0ms | ActiveRecord: 0.0ms)


Started GET "/vending_machine/what_can_i_buy?utf8=%E2%9C%93&money_left=111&price_tags=14%2C%2019%2C%2021%2C%2024%2C%2027%2C%2028%2C%2030%2C%2033%2C%2037%2C%2050%2C%2052&commit=what%20can%20I%20buy%3F" for ::1 at 2022-03-19 15:32:05 +0800
Processing by VendingMachineController#what_can_i_buy as JS
  Parameters: {"utf8"=>"✓", "money_left"=>"111", "price_tags"=>"14, 19, 21, 24, 27, 28, 30, 33, 37, 50, 52", "commit"=>"what can I buy?"}
Completed 200 OK in 5ms (Views: 1.2ms | ActiveRecord: 0.0ms)


Started GET "/vending_machine/index" for ::1 at 2022-03-19 15:33:18 +0800
Processing by VendingMachineController#index as HTML
  Rendering vending_machine/index.html.erb within layouts/application
  Rendered vending_machine/index.html.erb within layouts/application (3.8ms)
Completed 200 OK in 257ms (Views: 253.3ms | ActiveRecord: 0.0ms)


Started GET "/vending_machine/what_can_i_buy?utf8=%E2%9C%93&money_left=111&price_tags=14%2C%2019%2C%2021%2C%2024%2C%2027%2C%2028%2C%2030%2C%2033%2C%2037%2C%2050%2C%2052&commit=what%20can%20I%20buy%3F" for ::1 at 2022-03-19 15:33:20 +0800
Processing by VendingMachineController#what_can_i_buy as JS
  Parameters: {"utf8"=>"✓", "money_left"=>"111", "price_tags"=>"14, 19, 21, 24, 27, 28, 30, 33, 37, 50, 52", "commit"=>"what can I buy?"}
Completed 200 OK in 10ms (Views: 7.1ms | ActiveRecord: 0.0ms)


Started GET "/vending_machine/what_can_i_buy?utf8=%E2%9C%93&money_left=122&price_tags=14%2C%2019%2C%2021%2C%2024%2C%2027%2C%2028%2C%2030%2C%2033%2C%2037%2C%2050%2C%2052&commit=what%20can%20I%20buy%3F" for ::1 at 2022-03-19 15:35:28 +0800
Processing by VendingMachineController#what_can_i_buy as JS
  Parameters: {"utf8"=>"✓", "money_left"=>"122", "price_tags"=>"14, 19, 21, 24, 27, 28, 30, 33, 37, 50, 52", "commit"=>"what can I buy?"}
Completed 200 OK in 5ms (Views: 1.2ms | ActiveRecord: 0.0ms)


Started GET "/vending_machine/what_can_i_buy?utf8=%E2%9C%93&money_left=asdf&price_tags=14%2C%2019%2C%2021%2C%2024%2C%2027%2C%2028%2C%2030%2C%2033%2C%2037%2C%2050%2C%2052&commit=what%20can%20I%20buy%3F" for ::1 at 2022-03-19 15:35:47 +0800
Processing by VendingMachineController#what_can_i_buy as JS
  Parameters: {"utf8"=>"✓", "money_left"=>"asdf", "price_tags"=>"14, 19, 21, 24, 27, 28, 30, 33, 37, 50, 52", "commit"=>"what can I buy?"}
Completed 200 OK in 1ms (Views: 0.1ms | ActiveRecord: 0.0ms)


Started GET "/vending_machine/what_can_i_buy?utf8=%E2%9C%93&money_left=123&price_tags=14%2C%2019%2C%2021%2C%2024%2C%2027%2C%2028%2C%2030%2C%2033%2C%2037%2C%2050%2C%2052&commit=what%20can%20I%20buy%3F" for ::1 at 2022-03-19 15:35:53 +0800
Processing by VendingMachineController#what_can_i_buy as JS
  Parameters: {"utf8"=>"✓", "money_left"=>"123", "price_tags"=>"14, 19, 21, 24, 27, 28, 30, 33, 37, 50, 52", "commit"=>"what can I buy?"}
Completed 200 OK in 4ms (Views: 1.5ms | ActiveRecord: 0.0ms)


Started GET "/vending_machine/what_can_i_buy?utf8=%E2%9C%93&money_left=90&price_tags=14%2C%2019%2C%2021%2C%2024%2C%2027%2C%2028%2C%2030%2C%2033%2C%2037%2C%2050%2C%2052&commit=what%20can%20I%20buy%3F" for ::1 at 2022-03-19 15:37:26 +0800
Processing by VendingMachineController#what_can_i_buy as JS
  Parameters: {"utf8"=>"✓", "money_left"=>"90", "price_tags"=>"14, 19, 21, 24, 27, 28, 30, 33, 37, 50, 52", "commit"=>"what can I buy?"}
Completed 200 OK in 2ms (Views: 0.6ms | ActiveRecord: 0.0ms)


Started GET "/vending_machine/index" for ::1 at 2022-03-19 15:45:17 +0800
Processing by VendingMachineController#index as HTML
  Rendering vending_machine/index.html.erb within layouts/application
  Rendered vending_machine/index.html.erb within layouts/application (6.6ms)
Completed 200 OK in 294ms (Views: 289.0ms | ActiveRecord: 0.0ms)


Started GET "/vending_machine/what_can_i_buy?utf8=%E2%9C%93&money_left=100&price_tags=14%2C%2019%2C%2021%2C%2024%2C%2027%2C%2028%2C%2030%2C%2033%2C%2037%2C%2050%2C%2052&commit=what%20can%20I%20buy%3F" for ::1 at 2022-03-19 15:45:20 +0800
Processing by VendingMachineController#what_can_i_buy as JS
  Parameters: {"utf8"=>"✓", "money_left"=>"100", "price_tags"=>"14, 19, 21, 24, 27, 28, 30, 33, 37, 50, 52", "commit"=>"what can I buy?"}
Completed 200 OK in 4ms (Views: 1.4ms | ActiveRecord: 0.0ms)


